hlcsg v3.4 Final (Feb 25 2006)
Zoner's Half-Life Compilation Tools -- Custom Build
Based on code modifications by Sean 'Zoner' Cavanaugh
Based on Valve's version, modified with permission.
Submit detailed bug reports to (amckern@yahoo.com)
-----  BEGIN  hlcsg -----
Command line: E:\Me\Tools\VALVEH~1.5\hlcsg.exe "E:\Me\Tools\Valve Hammer Editor 3.5\maps\compile\cs_assault_new"
Entering E:\Me\Tools\Valve Hammer Editor 3.5\maps\compile\cs_assault_new.map

Current hlcsg Settings
Name                 |  Setting  |  Default
---------------------|-----------|-------------------------
threads               [       2 ] [  Varies ]
verbose               [     off ] [     off ]
log                   [      on ] [      on ]
developer             [       0 ] [       0 ]
chart                 [     off ] [     off ]
estimate              [     off ] [     off ]
max texture memory    [ 4194304 ] [ 4194304 ]
max lighting memory   [ 6291456 ] [ 6291456 ]
priority              [  Normal ] [  Normal ]

noclip                [     off ] [     off ]
null texture stripping[      on ] [      on ]
clipnode economy mode [      on ] [      on ]
clip hull type        [  legacy ] [  legacy ]
onlyents              [     off ] [     off ]
wadtextures           [      on ] [      on ]
skyclip               [      on ] [      on ]
hullfile              [    None ] [    None ]
nullfile              [    None ] [    None ]
min surface area      [   0.500 ] [   0.500 ]
brush union threshold [   0.000 ] [   0.000 ]

Using mapfile wad configuration
Wadinclude list :
[zhlt.wad]

119 brushes (totalling 714 sides) discarded from clipping hulls
CreateBrush:
 (0.66 seconds)
SetModelCenters:
 (0.03 seconds)
CSGBrush:
 (2.02 seconds)

Using Wadfile: \me\tools\valve hammer editor 3.5\cstrike.wad
 - Contains 0 used textures, 0.00 percent of map (123 textures in wad)
Using Wadfile: \me\tools\valve hammer editor 3.5\halflife.wad
 - Contains 111 used textures, 81.62 percent of map (3116 textures in wad)
Using Wadfile: \me\counter-strike maked\cstrike\cs_assault.wad
 - Contains 21 used textures, 15.44 percent of map (22 textures in wad)
Including Wadfile: \me\tools\valve hammer editor 3.5\zhlt.wad
 - Contains 1 used texture, 0.74 percent of map (8 textures in wad)
Using Wadfile: \me\tools\valve hammer editor 3.5\phg.wad
 - Contains 3 used textures, 2.21 percent of map (5 textures in wad)

added 17 additional animating textures.
Texture usage is at 2.20 mb (of 4.00 mb MAX)
4.02 seconds elapsed

-----   END   hlcsg -----



hlbsp v3.4 Final (Feb 25 2006)
Zoner's Half-Life Compilation Tools -- Custom Build
Based on code modifications by Sean 'Zoner' Cavanaugh
Based on Valve's version, modified with permission.
Submit detailed bug reports to (amckern@yahoo.com)
-----  BEGIN  hlbsp -----
Command line: E:\Me\Tools\VALVEH~1.5\hlbsp.exe "E:\Me\Tools\Valve Hammer Editor 3.5\maps\compile\cs_assault_new"

Current hlbsp Settings
Name               |  Setting  |  Default
-------------------|-----------|-------------------------
threads             [       2 ] [  Varies ]
verbose             [     off ] [     off ]
log                 [      on ] [      on ]
developer           [       0 ] [       0 ]
chart               [     off ] [     off ]
estimate            [     off ] [     off ]
max texture memory  [ 4194304 ] [ 4194304 ]
priority            [  Normal ] [  Normal ]

noclip              [     off ] [     off ]
nofill              [     off ] [     off ]
noopt               [     off ] [     off ]
null tex. stripping [      on ] [      on ]
notjunc             [     off ] [     off ]
subdivide size      [     240 ] [     240 ] (Min 64) (Max 512)
max node size       [    1024 ] [    1024 ] (Min 64) (Max 8192)


SolidBSP [hull 0] 500...1000...1500...2000...2500...2884 (0.25 seconds)
BSP generation successful, writing portal file 'E:\Me\Tools\Valve Hammer Editor 3.5\maps\compile\cs_assault_new.prt'
SolidBSP [hull 1] 500...1000...1500...2000...2032 (0.10 seconds)
SolidBSP [hull 2] 500...1000...1500...1876 (0.14 seconds)
SolidBSP [hull 3] 500...1000...1500...2000...2268 (0.14 seconds)
3.36 seconds elapsed

-----   END   hlbsp -----



hlvis v3.4 Final (Feb 25 2006)
Zoner's Half-Life Compilation Tools -- Custom Build
Based on code modifications by Sean 'Zoner' Cavanaugh
Based on Valve's version, modified with permission.
Submit detailed bug reports to (amckern@yahoo.com)
-----  BEGIN  hlvis -----
Command line: E:\Me\Tools\VALVEH~1.5\hlvis.exe -fast "E:\Me\Tools\Valve Hammer Editor 3.5\maps\compile\cs_assault_new"
1568 portalleafs
4747 numportals

-= Current hlvis Settings =-
Name               |  Setting  |  Default
-------------------|-----------|-------------------------
threads             [       2 ] [  Varies ]
verbose             [     off ] [     off ]
log                 [      on ] [      on ]
developer           [       0 ] [       0 ]
chart               [     off ] [     off ]
estimate            [     off ] [     off ]
max texture memory  [ 4194304 ] [ 4194304 ]
max vis distance    [       0 ] [       0 ]
priority            [  Normal ] [  Normal ]

fast vis            [      on ] [     off ]
full vis            [     off ] [     off ]


BasePortalVis:
 (3.82 seconds)
average leafs visible: 656
g_visdatasize:276771  compressed from 307328
3.88 seconds elapsed

-----   END   hlvis -----



hlrad v3.4 Final (Feb 25 2006)
Zoner's Half-Life Compilation Tools -- Custom Build
Based on code modifications by Sean 'Zoner' Cavanaugh
Based on Valve's version, modified with permission.
Submit detailed bug reports to (amckern@yahoo.com)
-----  BEGIN  hlrad -----
Command line: E:\Me\Tools\VALVEH~1.5\hlrad.exe "E:\Me\Tools\Valve Hammer Editor 3.5\maps\compile\cs_assault_new"

-= Current hlrad Settings =-
Name                | Setting             | Default
--------------------|---------------------|-------------------------
threads              [                 2 ] [            Varies ]
verbose              [               off ] [               off ]
log                  [                on ] [                on ]
developer            [                 0 ] [                 0 ]
chart                [               off ] [               off ]
estimate             [               off ] [               off ]
max texture memory   [           4194304 ] [           4194304 ]
max lighting memory  [           6291456 ] [           6291456 ]
priority             [            Normal ] [            Normal ]

vismatrix algorithm  [          Original ] [          Original ]
oversampling (-extra)[               off ] [               off ]
bounces              [                 1 ] [                 1 ]
bounce dynamic light [                on ] [                on ]
ambient light        [ 0.000 0.000 0.000 ] [ 0.000 0.000 0.000 ]
maximum light        [           255.000 ] [           256.000 ]
circus mode          [               off ] [               off ]

smoothing threshold  [            50.000 ] [            50.000 ]
direct threshold     [            25.000 ] [            25.000 ]
direct light scale   [             2.000 ] [             2.000 ]
coring threshold     [             1.000 ] [             1.000 ]
patch interpolation  [                on ] [                on ]

texscale             [                on ] [                on ]
patch subdividing    [                on ] [                on ]
chop value           [            64.000 ] [            64.000 ]
texchop value        [            32.000 ] [            32.000 ]

global fade          [             1.000 ] [             1.000 ]
global falloff       [                 2 ] [                 2 ]
global light scale   [ 1.000 1.000 1.000 ] [ 1.000 1.000 1.000 ]
global gamma         [ 0.500 0.500 0.500 ] [ 0.500 0.500 0.500 ]
global light scale   [             1.000 ] [             1.000 ]
global sky diffusion [             1.000 ] [             1.000 ]

opaque entities      [                on ] [                on ]
sky lighting fix     [                on ] [                on ]
incremental          [               off ] [               off ]
dump                 [               off ] [               off ]

colour jitter        [       0.0 0.0 0.0 ] [       0.0 0.0 0.0 ]
monochromatic jitter [       0.0 0.0 0.0 ] [       0.0 0.0 0.0 ]
softlight hack       [   0.0 0.0 0.0 0.0 ] [   0.0 0.0 0.0 0.0 ]
diffuse hack         [                on ] [                on ]
spotlight points     [                on ] [                on ]

custom shadows with bounce light
                     [               off ] [               off ]
rgb transfers        [               off ] [               off ]


[Reading texlights from 'E:\Me\Tools\VALVEH~1.5\lights.rad']
[59 texlights parsed from 'E:\Me\Tools\VALVEH~1.5\lights.rad']

11426 faces
Create Patches : 62299 base patches
0 opaque faces
545880 square feet [78606808.00 square inches]
477 direct lights

BuildFacelights:
Malformed face (2263) normal @ 
(-689.00, 2241.00, 384.00)
(-704.00, 2256.00, 384.00)
(-689.00, 2241.00, 384.87)
Error: Malformed face normal
Description: The texture alignment of a visible face is unusable
Howto Fix: If using Worldcraft, do a check for problems and fix any occurences of 'Texture axis perpindicular to face'


-----   END   hlrad -----



