hlcsg v3.4 Final (Feb 25 2006)
Zoner's Half-Life Compilation Tools -- Custom Build
Based on code modifications by Sean 'Zoner' Cavanaugh
Based on Valve's version, modified with permission.
Submit detailed bug reports to (amckern@yahoo.com)
-----  BEGIN  hlcsg -----
Command line: E:\Me\Tools\VALVEH~1.5\hlcsg.exe "E:\Me\Tools\Valve Hammer Editor 3.5\maps\compile\idk"
Entering E:\Me\Tools\Valve Hammer Editor 3.5\maps\compile\idk.map

Current hlcsg Settings
Name                 |  Setting  |  Default
---------------------|-----------|-------------------------
threads               [       2 ] [  Varies ]
verbose               [     off ] [     off ]
log                   [      on ] [      on ]
developer             [       0 ] [       0 ]
chart                 [     off ] [     off ]
estimate              [     off ] [     off ]
max texture memory    [ 4194304 ] [ 4194304 ]
max lighting memory   [ 6291456 ] [ 6291456 ]
priority              [  Normal ] [  Normal ]

noclip                [     off ] [     off ]
null texture stripping[      on ] [      on ]
clipnode economy mode [      on ] [      on ]
clip hull type        [  legacy ] [  legacy ]
onlyents              [     off ] [     off ]
wadtextures           [      on ] [      on ]
skyclip               [      on ] [      on ]
hullfile              [    None ] [    None ]
nullfile              [    None ] [    None ]
min surface area      [   0.500 ] [   0.500 ]
brush union threshold [   0.000 ] [   0.000 ]

Using mapfile wad configuration
Wadinclude list :
[zhlt.wad]

18 brushes (totalling 108 sides) discarded from clipping hulls
CreateBrush:
 (0.32 seconds)
SetModelCenters:
 (0.00 seconds)
CSGBrush:
 (0.49 seconds)

Using Wadfile: \me\tools\valve hammer editor 3.5\cstrike.wad
 - Contains 3 used textures, 8.11 percent of map (123 textures in wad)
Using Wadfile: \me\tools\valve hammer editor 3.5\halflife.wad
 - Contains 27 used textures, 72.97 percent of map (3116 textures in wad)
Using Wadfile: \me\tools\valve hammer editor 3.5\cs_dust.wad
 - Contains 6 used textures, 16.22 percent of map (28 textures in wad)

added 9 additional animating textures.
Warning: ::FindTexture() texture NULL not found!
Are you sure you included zhlt.wad in your wadpath list?
Warning: ::LoadLump() texture NULL not found!
Texture usage is at 0.57 mb (of 4.00 mb MAX)
1.44 seconds elapsed

-----   END   hlcsg -----



hlbsp v3.4 Final (Feb 25 2006)
Zoner's Half-Life Compilation Tools -- Custom Build
Based on code modifications by Sean 'Zoner' Cavanaugh
Based on Valve's version, modified with permission.
Submit detailed bug reports to (amckern@yahoo.com)
-----  BEGIN  hlbsp -----
Command line: E:\Me\Tools\VALVEH~1.5\hlbsp.exe "E:\Me\Tools\Valve Hammer Editor 3.5\maps\compile\idk"

Current hlbsp Settings
Name               |  Setting  |  Default
-------------------|-----------|-------------------------
threads             [       2 ] [  Varies ]
verbose             [     off ] [     off ]
log                 [      on ] [      on ]
developer           [       0 ] [       0 ]
chart               [     off ] [     off ]
estimate            [     off ] [     off ]
max texture memory  [ 4194304 ] [ 4194304 ]
priority            [  Normal ] [  Normal ]

noclip              [     off ] [     off ]
nofill              [     off ] [     off ]
noopt               [     off ] [     off ]
null tex. stripping [      on ] [      on ]
notjunc             [     off ] [     off ]
subdivide size      [     240 ] [     240 ] (Min 64) (Max 512)
max node size       [    1024 ] [    1024 ] (Min 64) (Max 8192)


SolidBSP [hull 0] 500...1000...1500...2000...2031 (0.13 seconds)
BSP generation successful, writing portal file 'E:\Me\Tools\Valve Hammer Editor 3.5\maps\compile\idk.prt'
SolidBSP [hull 1] 500...1000...1500...2000...2218 (0.19 seconds)
SolidBSP [hull 2] 500...1000...1500...2000...2022 (0.16 seconds)
SolidBSP [hull 3] 500...1000...1500...2000...2239 (0.21 seconds)
2.76 seconds elapsed

-----   END   hlbsp -----



hlrad v3.4 Final (Feb 25 2006)
Zoner's Half-Life Compilation Tools -- Custom Build
Based on code modifications by Sean 'Zoner' Cavanaugh
Based on Valve's version, modified with permission.
Submit detailed bug reports to (amckern@yahoo.com)
-----  BEGIN  hlrad -----
Command line: E:\Me\Tools\VALVEH~1.5\hlrad.exe "E:\Me\Tools\Valve Hammer Editor 3.5\maps\compile\idk"

-= Current hlrad Settings =-
Name                | Setting             | Default
--------------------|---------------------|-------------------------
threads              [                 2 ] [            Varies ]
verbose              [               off ] [               off ]
log                  [                on ] [                on ]
developer            [                 0 ] [                 0 ]
chart                [               off ] [               off ]
estimate             [               off ] [               off ]
max texture memory   [           4194304 ] [           4194304 ]
max lighting memory  [           6291456 ] [           6291456 ]
priority             [            Normal ] [            Normal ]

vismatrix algorithm  [          Original ] [          Original ]
oversampling (-extra)[               off ] [               off ]
bounces              [                 1 ] [                 1 ]
bounce dynamic light [                on ] [                on ]
ambient light        [ 0.000 0.000 0.000 ] [ 0.000 0.000 0.000 ]
maximum light        [           255.000 ] [           256.000 ]
circus mode          [               off ] [               off ]

smoothing threshold  [            50.000 ] [            50.000 ]
direct threshold     [            25.000 ] [            25.000 ]
direct light scale   [             2.000 ] [             2.000 ]
coring threshold     [             1.000 ] [             1.000 ]
patch interpolation  [                on ] [                on ]

texscale             [                on ] [                on ]
patch subdividing    [                on ] [                on ]
chop value           [            64.000 ] [            64.000 ]
texchop value        [            32.000 ] [            32.000 ]

global fade          [             1.000 ] [             1.000 ]
global falloff       [                 2 ] [                 2 ]
global light scale   [ 1.000 1.000 1.000 ] [ 1.000 1.000 1.000 ]
global gamma         [ 0.500 0.500 0.500 ] [ 0.500 0.500 0.500 ]
global light scale   [             1.000 ] [             1.000 ]
global sky diffusion [             1.000 ] [             1.000 ]

opaque entities      [                on ] [                on ]
sky lighting fix     [                on ] [                on ]
incremental          [               off ] [               off ]
dump                 [               off ] [               off ]

colour jitter        [       0.0 0.0 0.0 ] [       0.0 0.0 0.0 ]
monochromatic jitter [       0.0 0.0 0.0 ] [       0.0 0.0 0.0 ]
softlight hack       [   0.0 0.0 0.0 0.0 ] [   0.0 0.0 0.0 0.0 ]
diffuse hack         [                on ] [                on ]
spotlight points     [                on ] [                on ]

custom shadows with bounce light
                     [               off ] [               off ]
rgb transfers        [               off ] [               off ]


[Reading texlights from 'E:\Me\Tools\VALVEH~1.5\lights.rad']
[59 texlights parsed from 'E:\Me\Tools\VALVEH~1.5\lights.rad']

Warning: No vis information, direct lighting only.
6096 faces
Create Patches : 26374 base patches
0 opaque faces
174554 square feet [25135800.00 square inches]
1577 direct lights

BuildFacelights:
 (90.84 seconds)
FinalLightFace:
 (0.06 seconds)
91.17 seconds elapsed [1m 31s]

-----   END   hlrad -----



