hlcsg v3.4 Final (Feb 25 2006)
Zoner's Half-Life Compilation Tools -- Custom Build
Based on code modifications by Sean 'Zoner' Cavanaugh
Based on Valve's version, modified with permission.
Submit detailed bug reports to (amckern@yahoo.com)
-----  BEGIN  hlcsg -----
Command line: E:\Me\Tools\VALVEH~1.5\hlcsg.exe "E:\Me\Tools\Valve Hammer Editor 3.5\maps\compile\prefabs"
Entering E:\Me\Tools\Valve Hammer Editor 3.5\maps\compile\prefabs.map

Current hlcsg Settings
Name                 |  Setting  |  Default
---------------------|-----------|-------------------------
threads               [       2 ] [  Varies ]
verbose               [     off ] [     off ]
log                   [      on ] [      on ]
developer             [       0 ] [       0 ]
chart                 [     off ] [     off ]
estimate              [     off ] [     off ]
max texture memory    [ 4194304 ] [ 4194304 ]
max lighting memory   [ 6291456 ] [ 6291456 ]
priority              [  Normal ] [  Normal ]

noclip                [     off ] [     off ]
null texture stripping[      on ] [      on ]
clipnode economy mode [      on ] [      on ]
clip hull type        [  legacy ] [  legacy ]
onlyents              [     off ] [     off ]
wadtextures           [      on ] [      on ]
skyclip               [      on ] [      on ]
hullfile              [    None ] [    None ]
nullfile              [    None ] [    None ]
min surface area      [   0.500 ] [   0.500 ]
brush union threshold [   0.000 ] [   0.000 ]

Using mapfile wad configuration
Wadinclude list :
[zhlt.wad]

0 brushes (totalling 0 sides) discarded from clipping hulls
CreateBrush:
 (0.03 seconds)
SetModelCenters:
 (0.00 seconds)
CSGBrush:
 (0.15 seconds)

Using Wadfile: \me\tools\valve hammer editor 3.5\cstrike.wad
 - Contains 0 used textures, 0.00 percent of map (123 textures in wad)
Using Wadfile: \me\tools\valve hammer editor 3.5\halflife.wad
 - Contains 3 used textures, 16.67 percent of map (3116 textures in wad)
Using Wadfile: \me\tools\valve hammer editor 3.5\cs_dust.wad
 - Contains 0 used textures, 0.00 percent of map (28 textures in wad)
Using Wadfile: \me\tools\valve hammer editor 3.5\headshot.wad
 - Warning: Larger than expected texture (306812 bytes): 'NTC'
 - Contains 0 used textures, 0.00 percent of map (12 textures in wad)

added 2 additional animating textures.
Warning: ::FindTexture() texture STEED1GE not found!
Warning: ::FindTexture() texture METFLOOR_BLOCK_ not found!
Warning: ::FindTexture() texture METALFLOOR_WALL not found!
Warning: ::FindTexture() texture NULL not found!
Are you sure you included zhlt.wad in your wadpath list?
Warning: ::FindTexture() texture BOUNCEPAD01_DIA not found!
Warning: ::FindTexture() texture DIAMOND2C not found!
Warning: ::FindTexture() texture PITTED_RUST3 not found!
Warning: ::FindTexture() texture LAUNCHPAD_DIAMO not found!
Warning: ::FindTexture() texture BOUNCEPAD01B~01 not found!
Warning: ::FindTexture() texture BLOCKS18B not found!
Warning: ::FindTexture() texture METALTECH12FINA not found!
Warning: ::FindTexture() texture C_MET5_2 not found!
Warning: ::FindTexture() texture PENTFLOOR_DIAMO not found!
Warning: ::FindTexture() texture METALBLACK03 not found!
Warning: ::LoadLump() texture BLOCKS18B not found!
Warning: ::LoadLump() texture BOUNCEPAD01B~01 not found!
Warning: ::LoadLump() texture BOUNCEPAD01_DIA not found!
Warning: ::LoadLump() texture C_MET5_2 not found!
Warning: ::LoadLump() texture DIAMOND2C not found!
Warning: ::LoadLump() texture LAUNCHPAD_DIAMO not found!
Warning: ::LoadLump() texture METALBLACK03 not found!
Warning: ::LoadLump() texture METALFLOOR_WALL not found!
Warning: ::LoadLump() texture METALTECH12FINA not found!
Warning: ::LoadLump() texture METFLOOR_BLOCK_ not found!
Warning: ::LoadLump() texture NULL not found!
Warning: ::LoadLump() texture PENTFLOOR_DIAMO not found!
Warning: ::LoadLump() texture PITTED_RUST3 not found!
Warning: ::LoadLump() texture STEED1GE not found!
Texture usage is at 0.07 mb (of 4.00 mb MAX)
0.80 seconds elapsed

-----   END   hlcsg -----



hlbsp v3.4 Final (Feb 25 2006)
Zoner's Half-Life Compilation Tools -- Custom Build
Based on code modifications by Sean 'Zoner' Cavanaugh
Based on Valve's version, modified with permission.
Submit detailed bug reports to (amckern@yahoo.com)
-----  BEGIN  hlbsp -----
Command line: E:\Me\Tools\VALVEH~1.5\hlbsp.exe "E:\Me\Tools\Valve Hammer Editor 3.5\maps\compile\prefabs"

Current hlbsp Settings
Name               |  Setting  |  Default
-------------------|-----------|-------------------------
threads             [       2 ] [  Varies ]
verbose             [     off ] [     off ]
log                 [      on ] [      on ]
developer           [       0 ] [       0 ]
chart               [     off ] [     off ]
estimate            [     off ] [     off ]
max texture memory  [ 4194304 ] [ 4194304 ]
priority            [  Normal ] [  Normal ]

noclip              [     off ] [     off ]
nofill              [     off ] [     off ]
noopt               [     off ] [     off ]
null tex. stripping [      on ] [      on ]
notjunc             [     off ] [     off ]
subdivide size      [     240 ] [     240 ] (Min 64) (Max 512)
max node size       [    1024 ] [    1024 ] (Min 64) (Max 8192)


SolidBSP [hull 0] 461 (0.01 seconds)
BSP generation successful, writing portal file 'E:\Me\Tools\Valve Hammer Editor 3.5\maps\compile\prefabs.prt'
SolidBSP [hull 1] 492 (0.02 seconds)
SolidBSP [hull 2] 487 (0.02 seconds)
SolidBSP [hull 3] 495 (0.02 seconds)
0.27 seconds elapsed

-----   END   hlbsp -----



hlvis v3.4 Final (Feb 25 2006)
Zoner's Half-Life Compilation Tools -- Custom Build
Based on code modifications by Sean 'Zoner' Cavanaugh
Based on Valve's version, modified with permission.
Submit detailed bug reports to (amckern@yahoo.com)
-----  BEGIN  hlvis -----
Command line: E:\Me\Tools\VALVEH~1.5\hlvis.exe "E:\Me\Tools\Valve Hammer Editor 3.5\maps\compile\prefabs"
 301 portalleafs
1095 numportals

-= Current hlvis Settings =-
Name               |  Setting  |  Default
-------------------|-----------|-------------------------
threads             [       2 ] [  Varies ]
verbose             [     off ] [     off ]
log                 [      on ] [      on ]
developer           [       0 ] [       0 ]
chart               [     off ] [     off ]
estimate            [     off ] [     off ]
max texture memory  [ 4194304 ] [ 4194304 ]
max vis distance    [       0 ] [       0 ]
priority            [  Normal ] [  Normal ]

fast vis            [     off ] [     off ]
full vis            [     off ] [     off ]


BasePortalVis:
 (0.07 seconds)
LeafThread:
 (16.76 seconds)
average leafs visible: 173
g_visdatasize:11771  compressed from 11438
16.84 seconds elapsed

-----   END   hlvis -----



hlrad v3.4 Final (Feb 25 2006)
Zoner's Half-Life Compilation Tools -- Custom Build
Based on code modifications by Sean 'Zoner' Cavanaugh
Based on Valve's version, modified with permission.
Submit detailed bug reports to (amckern@yahoo.com)
-----  BEGIN  hlrad -----
Command line: E:\Me\Tools\VALVEH~1.5\hlrad.exe "E:\Me\Tools\Valve Hammer Editor 3.5\maps\compile\prefabs"

-= Current hlrad Settings =-
Name                | Setting             | Default
--------------------|---------------------|-------------------------
threads              [                 2 ] [            Varies ]
verbose              [               off ] [               off ]
log                  [                on ] [                on ]
developer            [                 0 ] [                 0 ]
chart                [               off ] [               off ]
estimate             [               off ] [               off ]
max texture memory   [           4194304 ] [           4194304 ]
max lighting memory  [           6291456 ] [           6291456 ]
priority             [            Normal ] [            Normal ]

vismatrix algorithm  [          Original ] [          Original ]
oversampling (-extra)[               off ] [               off ]
bounces              [                 1 ] [                 1 ]
bounce dynamic light [                on ] [                on ]
ambient light        [ 0.000 0.000 0.000 ] [ 0.000 0.000 0.000 ]
maximum light        [           255.000 ] [           256.000 ]
circus mode          [               off ] [               off ]

smoothing threshold  [            50.000 ] [            50.000 ]
direct threshold     [            25.000 ] [            25.000 ]
direct light scale   [             2.000 ] [             2.000 ]
coring threshold     [             1.000 ] [             1.000 ]
patch interpolation  [                on ] [                on ]

texscale             [                on ] [                on ]
patch subdividing    [                on ] [                on ]
chop value           [            64.000 ] [            64.000 ]
texchop value        [            32.000 ] [            32.000 ]

global fade          [             1.000 ] [             1.000 ]
global falloff       [                 2 ] [                 2 ]
global light scale   [ 1.000 1.000 1.000 ] [ 1.000 1.000 1.000 ]
global gamma         [ 0.500 0.500 0.500 ] [ 0.500 0.500 0.500 ]
global light scale   [             1.000 ] [             1.000 ]
global sky diffusion [             1.000 ] [             1.000 ]

opaque entities      [                on ] [                on ]
sky lighting fix     [                on ] [                on ]
incremental          [               off ] [               off ]
dump                 [               off ] [               off ]

colour jitter        [       0.0 0.0 0.0 ] [       0.0 0.0 0.0 ]
monochromatic jitter [       0.0 0.0 0.0 ] [       0.0 0.0 0.0 ]
softlight hack       [   0.0 0.0 0.0 0.0 ] [   0.0 0.0 0.0 0.0 ]
diffuse hack         [                on ] [                on ]
spotlight points     [                on ] [                on ]

custom shadows with bounce light
                     [               off ] [               off ]
rgb transfers        [               off ] [               off ]


[Reading texlights from 'E:\Me\Tools\VALVEH~1.5\lights.rad']
[59 texlights parsed from 'E:\Me\Tools\VALVEH~1.5\lights.rad']

1114 faces
Create Patches : 6197 base patches
0 opaque faces
71644 square feet [10316858.00 square inches]
1 direct lights

BuildFacelights:
 (13.15 seconds)
visibility matrix   :   2.3 megs
BuildVisLeafs:
 (1.39 seconds)
MakeScales:
 (0.85 seconds)
SwapTransfers:
 (0.11 seconds)
Transfer Lists :     2300726 :    2.30M transfers
       Indices :      729340 :  712.25k bytes
          Data :     9202904 :    8.78M bytes
GatherLight:
 (0.12 seconds)
FinalLightFace:
 (0.35 seconds)
16.28 seconds elapsed

-----   END   hlrad -----



