hlcsg v3.4 Final (Feb 25 2006)
Zoner's Half-Life Compilation Tools -- Custom Build
Based on code modifications by Sean 'Zoner' Cavanaugh
Based on Valve's version, modified with permission.
Submit detailed bug reports to (amckern@yahoo.com)
-----  BEGIN  hlcsg -----
Command line: E:\Me\Tools\VALVEH~1.5\hlcsg.exe "E:\Me\Tools\Valve Hammer Editor 3.5\maps\compile\Valve Hammer Editor 3"
Error: Error opening E:\Me\Tools\Valve Hammer Editor 3.5\maps\compile\Valve Hammer Editor 3.map: No such file or directory

-----   END   hlcsg -----



hlbsp v3.4 Final (Feb 25 2006)
Zoner's Half-Life Compilation Tools -- Custom Build
Based on code modifications by Sean 'Zoner' Cavanaugh
Based on Valve's version, modified with permission.
Submit detailed bug reports to (amckern@yahoo.com)
-----  BEGIN  hlbsp -----
Command line: E:\Me\Tools\VALVEH~1.5\hlbsp.exe "E:\Me\Tools\Valve Hammer Editor 3.5\maps\compile\Valve Hammer Editor 3"
>> There was a problem compiling the map.
>> Check the file E:\Me\Tools\Valve Hammer Editor 3.5\maps\compile\Valve Hammer Editor 3.log for the cause.

-----   END   hlbsp -----



hlvis v3.4 Final (Feb 25 2006)
Zoner's Half-Life Compilation Tools -- Custom Build
Based on code modifications by Sean 'Zoner' Cavanaugh
Based on Valve's version, modified with permission.
Submit detailed bug reports to (amckern@yahoo.com)
-----  BEGIN  hlvis -----
Command line: E:\Me\Tools\VALVEH~1.5\hlvis.exe -fast "E:\Me\Tools\Valve Hammer Editor 3.5\maps\compile\Valve Hammer Editor 3"
>> There was a problem compiling the map.
>> Check the file E:\Me\Tools\Valve Hammer Editor 3.5\maps\compile\Valve Hammer Editor 3.log for the cause.

-----   END   hlvis -----



hlrad v3.4 Final (Feb 25 2006)
Zoner's Half-Life Compilation Tools -- Custom Build
Based on code modifications by Sean 'Zoner' Cavanaugh
Based on Valve's version, modified with permission.
Submit detailed bug reports to (amckern@yahoo.com)
-----  BEGIN  hlrad -----
Command line: E:\Me\Tools\VALVEH~1.5\hlrad.exe "E:\Me\Tools\Valve Hammer Editor 3.5\maps\compile\Valve Hammer Editor 3"
>> There was a problem compiling the map.
>> Check the file E:\Me\Tools\Valve Hammer Editor 3.5\maps\compile\Valve Hammer Editor 3.log for the cause.

-----   END   hlrad -----



