hlcsg v3.4 Final (Feb 25 2006)
Zoner's Half-Life Compilation Tools -- Custom Build
Based on code modifications by Sean 'Zoner' Cavanaugh
Based on Valve's version, modified with permission.
Submit detailed bug reports to (amckern@yahoo.com)
-----  BEGIN  hlcsg -----
Command line: E:\Me\Tools\VALVEH~1.5\hlcsg.exe "E:\Me\Tools\Valve Hammer Editor 3.5\maps\compile\xD"
Entering E:\Me\Tools\Valve Hammer Editor 3.5\maps\compile\xD.map

Current hlcsg Settings
Name                 |  Setting  |  Default
---------------------|-----------|-------------------------
threads               [       2 ] [  Varies ]
verbose               [     off ] [     off ]
log                   [      on ] [      on ]
developer             [       0 ] [       0 ]
chart                 [     off ] [     off ]
estimate              [     off ] [     off ]
max texture memory    [ 4194304 ] [ 4194304 ]
max lighting memory   [ 6291456 ] [ 6291456 ]
priority              [  Normal ] [  Normal ]

noclip                [     off ] [     off ]
null texture stripping[      on ] [      on ]
clipnode economy mode [      on ] [      on ]
clip hull type        [  legacy ] [  legacy ]
onlyents              [     off ] [     off ]
wadtextures           [      on ] [      on ]
skyclip               [      on ] [      on ]
hullfile              [    None ] [    None ]
nullfile              [    None ] [    None ]
min surface area      [   0.500 ] [   0.500 ]
brush union threshold [   0.000 ] [   0.000 ]

Using mapfile wad configuration
Wadinclude list :
[zhlt.wad]

5 brushes (totalling 30 sides) discarded from clipping hulls
CreateBrush:
 (0.40 seconds)
SetModelCenters:
 (0.00 seconds)
CSGBrush:
 (1.10 seconds)

Using Wadfile: \me\tools\valve hammer editor 3.5\cstrike.wad
 - Contains 4 used textures, 7.14 percent of map (123 textures in wad)
Using Wadfile: \me\tools\valve hammer editor 3.5\halflife.wad
 - Contains 47 used textures, 83.93 percent of map (3116 textures in wad)
Using Wadfile: \me\tools\valve hammer editor 3.5\cs_dust.wad
 - Contains 0 used textures, 0.00 percent of map (28 textures in wad)
Using Wadfile: \me\tools\valve hammer editor 3.5\headshot.wad
 - Warning: Larger than expected texture (306812 bytes): 'NTC'
 - Contains 3 used textures, 5.36 percent of map (12 textures in wad)

added 5 additional animating textures.
Warning: ::FindTexture() texture NULL not found!
Are you sure you included zhlt.wad in your wadpath list?
Warning: ::FindTexture() texture PI_WOOD1 not found!
Warning: ::LoadLump() texture NULL not found!
Warning: ::LoadLump() texture PI_WOOD1 not found!
Texture usage is at 0.83 mb (of 4.00 mb MAX)
1.75 seconds elapsed

-----   END   hlcsg -----



hlbsp v3.4 Final (Feb 25 2006)
Zoner's Half-Life Compilation Tools -- Custom Build
Based on code modifications by Sean 'Zoner' Cavanaugh
Based on Valve's version, modified with permission.
Submit detailed bug reports to (amckern@yahoo.com)
-----  BEGIN  hlbsp -----
Command line: E:\Me\Tools\VALVEH~1.5\hlbsp.exe "E:\Me\Tools\Valve Hammer Editor 3.5\maps\compile\xD"

Current hlbsp Settings
Name               |  Setting  |  Default
-------------------|-----------|-------------------------
threads             [       2 ] [  Varies ]
verbose             [     off ] [     off ]
log                 [      on ] [      on ]
developer           [       0 ] [       0 ]
chart               [     off ] [     off ]
estimate            [     off ] [     off ]
max texture memory  [ 4194304 ] [ 4194304 ]
priority            [  Normal ] [  Normal ]

noclip              [     off ] [     off ]
nofill              [     off ] [     off ]
noopt               [     off ] [     off ]
null tex. stripping [      on ] [      on ]
notjunc             [     off ] [     off ]
subdivide size      [     240 ] [     240 ] (Min 64) (Max 512)
max node size       [    1024 ] [    1024 ] (Min 64) (Max 8192)


SolidBSP [hull 0] 500...1000...1500...2000...2500...3000...3264 (0.22 seconds)
BSP generation successful, writing portal file 'E:\Me\Tools\Valve Hammer Editor 3.5\maps\compile\xD.prt'
SolidBSP [hull 1] 500...1000...1500...2000...2500...2718 (0.30 seconds)
SolidBSP [hull 2] 500...1000...1500...2000...2320 (0.14 seconds)
SolidBSP [hull 3] 500...1000...1500...2000...2500...3000...3500...3509 (0.26 seconds)
2.15 seconds elapsed

-----   END   hlbsp -----



hlvis v3.4 Final (Feb 25 2006)
Zoner's Half-Life Compilation Tools -- Custom Build
Based on code modifications by Sean 'Zoner' Cavanaugh
Based on Valve's version, modified with permission.
Submit detailed bug reports to (amckern@yahoo.com)
-----  BEGIN  hlvis -----
Command line: E:\Me\Tools\VALVEH~1.5\hlvis.exe -fast "E:\Me\Tools\Valve Hammer Editor 3.5\maps\compile\xD"
2028 portalleafs
7585 numportals

-= Current hlvis Settings =-
Name               |  Setting  |  Default
-------------------|-----------|-------------------------
threads             [       2 ] [  Varies ]
verbose             [     off ] [     off ]
log                 [      on ] [      on ]
developer           [       0 ] [       0 ]
chart               [     off ] [     off ]
estimate            [     off ] [     off ]
max texture memory  [ 4194304 ] [ 4194304 ]
max vis distance    [       0 ] [       0 ]
priority            [  Normal ] [  Normal ]

fast vis            [      on ] [     off ]
full vis            [     off ] [     off ]


BasePortalVis:
 (6.14 seconds)
Warning: Leaf portals saw into leaf
    Problem at portal between leaves 894 and 895:
       (-236.333 1796.333 -192.333)
    (-236.333 1799.333 -192.333)
    (-235.000 1800.000 -193.000)
    (-235.000 1800.000 -193.000)
    (-235.000 1797.000 -193.000)

Warning: Leaf portals saw into leaf
    Problem at portal between leaves 1074 and 1076:
       (-85.000 1349.000 -289.857)
    (-84.910 1348.821 -290.030)
    (-82.761 1344.523 -296.746)
    (-70.147 1319.294 -357.294)
    (-79.000 1337.000 -375.000)
    (-81.000 1341.000 -376.000)
    (-85.000 1349.000 -376.000)

average leafs visible: 1657
g_visdatasize:479613  compressed from 515112
6.27 seconds elapsed

-----   END   hlvis -----



hlrad v3.4 Final (Feb 25 2006)
Zoner's Half-Life Compilation Tools -- Custom Build
Based on code modifications by Sean 'Zoner' Cavanaugh
Based on Valve's version, modified with permission.
Submit detailed bug reports to (amckern@yahoo.com)
-----  BEGIN  hlrad -----
Command line: E:\Me\Tools\VALVEH~1.5\hlrad.exe "E:\Me\Tools\Valve Hammer Editor 3.5\maps\compile\xD"

-= Current hlrad Settings =-
Name                | Setting             | Default
--------------------|---------------------|-------------------------
threads              [                 2 ] [            Varies ]
verbose              [               off ] [               off ]
log                  [                on ] [                on ]
developer            [                 0 ] [                 0 ]
chart                [               off ] [               off ]
estimate             [               off ] [               off ]
max texture memory   [           4194304 ] [           4194304 ]
max lighting memory  [           6291456 ] [           6291456 ]
priority             [            Normal ] [            Normal ]

vismatrix algorithm  [          Original ] [          Original ]
oversampling (-extra)[               off ] [               off ]
bounces              [                 1 ] [                 1 ]
bounce dynamic light [                on ] [                on ]
ambient light        [ 0.000 0.000 0.000 ] [ 0.000 0.000 0.000 ]
maximum light        [           255.000 ] [           256.000 ]
circus mode          [               off ] [               off ]

smoothing threshold  [            50.000 ] [            50.000 ]
direct threshold     [            25.000 ] [            25.000 ]
direct light scale   [             2.000 ] [             2.000 ]
coring threshold     [             1.000 ] [             1.000 ]
patch interpolation  [                on ] [                on ]

texscale             [                on ] [                on ]
patch subdividing    [                on ] [                on ]
chop value           [            64.000 ] [            64.000 ]
texchop value        [            32.000 ] [            32.000 ]

global fade          [             1.000 ] [             1.000 ]
global falloff       [                 2 ] [                 2 ]
global light scale   [ 1.000 1.000 1.000 ] [ 1.000 1.000 1.000 ]
global gamma         [ 0.500 0.500 0.500 ] [ 0.500 0.500 0.500 ]
global light scale   [             1.000 ] [             1.000 ]
global sky diffusion [             1.000 ] [             1.000 ]

opaque entities      [                on ] [                on ]
sky lighting fix     [                on ] [                on ]
incremental          [               off ] [               off ]
dump                 [               off ] [               off ]

colour jitter        [       0.0 0.0 0.0 ] [       0.0 0.0 0.0 ]
monochromatic jitter [       0.0 0.0 0.0 ] [       0.0 0.0 0.0 ]
softlight hack       [   0.0 0.0 0.0 0.0 ] [   0.0 0.0 0.0 0.0 ]
diffuse hack         [                on ] [                on ]
spotlight points     [                on ] [                on ]

custom shadows with bounce light
                     [               off ] [               off ]
rgb transfers        [               off ] [               off ]


[Reading texlights from 'E:\Me\Tools\VALVEH~1.5\lights.rad']
[59 texlights parsed from 'E:\Me\Tools\VALVEH~1.5\lights.rad']

7072 faces
Create Patches : 26597 base patches
0 opaque faces
335368 square feet [48293036.00 square inches]
4 direct lights

BuildFacelights:
 (15.76 seconds)
visibility matrix   :  42.2 megs
BuildVisLeafs:
 (51.56 seconds)
MakeScales:
 (14.30 seconds)
SwapTransfers:
 (4.13 seconds)
Transfer Lists :    27749368 :   27.75M transfers
       Indices :    23892100 :   22.79M bytes
          Data :   110997472 :  105.86M bytes
GatherLight:
 (0.58 seconds)
FinalLightFace:
 (0.37 seconds)
87.31 seconds elapsed [1m 27s]

-----   END   hlrad -----



