hlcsg v3.4 Final (Feb 25 2006)
Zoner's Half-Life Compilation Tools -- Custom Build
Based on code modifications by Sean 'Zoner' Cavanaugh
Based on Valve's version, modified with permission.
Submit detailed bug reports to (amckern@yahoo.com)
-----  BEGIN  hlcsg -----
Command line: E:\Me\Tools\VALVEH~1.5\hlcsg.exe "E:\Me\Tools\Valve Hammer Editor 3.5\maps\compile\zm_ntc_new"
Entering E:\Me\Tools\Valve Hammer Editor 3.5\maps\compile\zm_ntc_new.map

Current hlcsg Settings
Name                 |  Setting  |  Default
---------------------|-----------|-------------------------
threads               [       2 ] [  Varies ]
verbose               [     off ] [     off ]
log                   [      on ] [      on ]
developer             [       0 ] [       0 ]
chart                 [     off ] [     off ]
estimate              [     off ] [     off ]
max texture memory    [ 4194304 ] [ 4194304 ]
max lighting memory   [ 6291456 ] [ 6291456 ]
priority              [  Normal ] [  Normal ]

noclip                [     off ] [     off ]
null texture stripping[      on ] [      on ]
clipnode economy mode [      on ] [      on ]
clip hull type        [  legacy ] [  legacy ]
onlyents              [     off ] [     off ]
wadtextures           [      on ] [      on ]
skyclip               [      on ] [      on ]
hullfile              [    None ] [    None ]
nullfile              [    None ] [    None ]
min surface area      [   0.500 ] [   0.500 ]
brush union threshold [   0.000 ] [   0.000 ]

Using mapfile wad configuration
Wadinclude list :
[zhlt.wad]

0 brushes (totalling 0 sides) discarded from clipping hulls
CreateBrush:
 (0.03 seconds)
SetModelCenters:
 (0.00 seconds)
CSGBrush:
 (0.15 seconds)

Using Wadfile: \me\tools\valve hammer editor 3.5\cstrike.wad
 - Contains 0 used textures, 0.00 percent of map (123 textures in wad)
Using Wadfile: \me\tools\valve hammer editor 3.5\halflife.wad
 - Contains 21 used textures, 100.00 percent of map (3116 textures in wad)
Using Wadfile: \me\tools\valve hammer editor 3.5\cs_dust.wad
 - Contains 0 used textures, 0.00 percent of map (28 textures in wad)
Using Wadfile: \me\tools\valve hammer editor 3.5\headshot.wad
 - Warning: Larger than expected texture (306812 bytes): 'NTC'
 - Contains 0 used textures, 0.00 percent of map (12 textures in wad)

added 5 additional animating textures.
Texture usage is at 0.29 mb (of 4.00 mb MAX)
0.23 seconds elapsed

-----   END   hlcsg -----



hlbsp v3.4 Final (Feb 25 2006)
Zoner's Half-Life Compilation Tools -- Custom Build
Based on code modifications by Sean 'Zoner' Cavanaugh
Based on Valve's version, modified with permission.
Submit detailed bug reports to (amckern@yahoo.com)
-----  BEGIN  hlbsp -----
Command line: E:\Me\Tools\VALVEH~1.5\hlbsp.exe "E:\Me\Tools\Valve Hammer Editor 3.5\maps\compile\zm_ntc_new"

Current hlbsp Settings
Name               |  Setting  |  Default
-------------------|-----------|-------------------------
threads             [       2 ] [  Varies ]
verbose             [     off ] [     off ]
log                 [      on ] [      on ]
developer           [       0 ] [       0 ]
chart               [     off ] [     off ]
estimate            [     off ] [     off ]
max texture memory  [ 4194304 ] [ 4194304 ]
priority            [  Normal ] [  Normal ]

noclip              [     off ] [     off ]
nofill              [     off ] [     off ]
noopt               [     off ] [     off ]
null tex. stripping [      on ] [      on ]
notjunc             [     off ] [     off ]
subdivide size      [     240 ] [     240 ] (Min 64) (Max 512)
max node size       [    1024 ] [    1024 ] (Min 64) (Max 8192)


SolidBSP [hull 0] 500...611 (0.02 seconds)
BSP generation successful, writing portal file 'E:\Me\Tools\Valve Hammer Editor 3.5\maps\compile\zm_ntc_new.prt'
SolidBSP [hull 1] 412 (0.01 seconds)
SolidBSP [hull 2] 397 (0.01 seconds)
SolidBSP [hull 3] 459 (0.01 seconds)
0.19 seconds elapsed

-----   END   hlbsp -----



hlvis v3.4 Final (Feb 25 2006)
Zoner's Half-Life Compilation Tools -- Custom Build
Based on code modifications by Sean 'Zoner' Cavanaugh
Based on Valve's version, modified with permission.
Submit detailed bug reports to (amckern@yahoo.com)
-----  BEGIN  hlvis -----
Command line: E:\Me\Tools\VALVEH~1.5\hlvis.exe -fast "E:\Me\Tools\Valve Hammer Editor 3.5\maps\compile\zm_ntc_new"
 359 portalleafs
1138 numportals

-= Current hlvis Settings =-
Name               |  Setting  |  Default
-------------------|-----------|-------------------------
threads             [       2 ] [  Varies ]
verbose             [     off ] [     off ]
log                 [      on ] [      on ]
developer           [       0 ] [       0 ]
chart               [     off ] [     off ]
estimate            [     off ] [     off ]
max texture memory  [ 4194304 ] [ 4194304 ]
max vis distance    [       0 ] [       0 ]
priority            [  Normal ] [  Normal ]

fast vis            [      on ] [     off ]
full vis            [     off ] [     off ]


BasePortalVis:
 (0.06 seconds)
average leafs visible: 232
g_visdatasize:15789  compressed from 16155
0.07 seconds elapsed

-----   END   hlvis -----



hlrad v3.4 Final (Feb 25 2006)
Zoner's Half-Life Compilation Tools -- Custom Build
Based on code modifications by Sean 'Zoner' Cavanaugh
Based on Valve's version, modified with permission.
Submit detailed bug reports to (amckern@yahoo.com)
-----  BEGIN  hlrad -----
Command line: E:\Me\Tools\VALVEH~1.5\hlrad.exe "E:\Me\Tools\Valve Hammer Editor 3.5\maps\compile\zm_ntc_new"

-= Current hlrad Settings =-
Name                | Setting             | Default
--------------------|---------------------|-------------------------
threads              [                 2 ] [            Varies ]
verbose              [               off ] [               off ]
log                  [                on ] [                on ]
developer            [                 0 ] [                 0 ]
chart                [               off ] [               off ]
estimate             [               off ] [               off ]
max texture memory   [           4194304 ] [           4194304 ]
max lighting memory  [           6291456 ] [           6291456 ]
priority             [            Normal ] [            Normal ]

vismatrix algorithm  [          Original ] [          Original ]
oversampling (-extra)[               off ] [               off ]
bounces              [                 1 ] [                 1 ]
bounce dynamic light [                on ] [                on ]
ambient light        [ 0.000 0.000 0.000 ] [ 0.000 0.000 0.000 ]
maximum light        [           255.000 ] [           256.000 ]
circus mode          [               off ] [               off ]

smoothing threshold  [            50.000 ] [            50.000 ]
direct threshold     [            25.000 ] [            25.000 ]
direct light scale   [             2.000 ] [             2.000 ]
coring threshold     [             1.000 ] [             1.000 ]
patch interpolation  [                on ] [                on ]

texscale             [                on ] [                on ]
patch subdividing    [                on ] [                on ]
chop value           [            64.000 ] [            64.000 ]
texchop value        [            32.000 ] [            32.000 ]

global fade          [             1.000 ] [             1.000 ]
global falloff       [                 2 ] [                 2 ]
global light scale   [ 1.000 1.000 1.000 ] [ 1.000 1.000 1.000 ]
global gamma         [ 0.500 0.500 0.500 ] [ 0.500 0.500 0.500 ]
global light scale   [             1.000 ] [             1.000 ]
global sky diffusion [             1.000 ] [             1.000 ]

opaque entities      [                on ] [                on ]
sky lighting fix     [                on ] [                on ]
incremental          [               off ] [               off ]
dump                 [               off ] [               off ]

colour jitter        [       0.0 0.0 0.0 ] [       0.0 0.0 0.0 ]
monochromatic jitter [       0.0 0.0 0.0 ] [       0.0 0.0 0.0 ]
softlight hack       [   0.0 0.0 0.0 0.0 ] [   0.0 0.0 0.0 0.0 ]
diffuse hack         [                on ] [                on ]
spotlight points     [                on ] [                on ]

custom shadows with bounce light
                     [               off ] [               off ]
rgb transfers        [               off ] [               off ]


[Reading texlights from 'E:\Me\Tools\VALVEH~1.5\lights.rad']
[59 texlights parsed from 'E:\Me\Tools\VALVEH~1.5\lights.rad']

1951 faces
Create Patches : 11618 base patches
0 opaque faces
138099 square feet [19886382.00 square inches]
3 direct lights

BuildFacelights:
 (11.60 seconds)
visibility matrix   :   8.0 megs
BuildVisLeafs:
 (10.12 seconds)
MakeScales:
 (3.06 seconds)
SwapTransfers:
 (2.65 seconds)
Transfer Lists :    15598130 :   15.60M transfers
       Indices :     6040192 :    5.76M bytes
          Data :    62392520 :   59.50M bytes
GatherLight:
 (0.60 seconds)
FinalLightFace:
 (0.82 seconds)
29.13 seconds elapsed

-----   END   hlrad -----



