hlcsg v3.4 Final (Feb 25 2006)
Zoner's Half-Life Compilation Tools -- Custom Build
Based on code modifications by Sean 'Zoner' Cavanaugh
Based on Valve's version, modified with permission.
Submit detailed bug reports to (amckern@yahoo.com)
-----  BEGIN  hlcsg -----
Command line: E:\Me\Tools\VALVEH~1.5\hlcsg.exe "E:\Me\Tools\Valve Hammer Editor 3.5\maps\compile\zm_qzet"
Entering E:\Me\Tools\Valve Hammer Editor 3.5\maps\compile\zm_qzet.map

Current hlcsg Settings
Name                 |  Setting  |  Default
---------------------|-----------|-------------------------
threads               [       2 ] [  Varies ]
verbose               [     off ] [     off ]
log                   [      on ] [      on ]
developer             [       0 ] [       0 ]
chart                 [     off ] [     off ]
estimate              [     off ] [     off ]
max texture memory    [ 4194304 ] [ 4194304 ]
max lighting memory   [ 6291456 ] [ 6291456 ]
priority              [  Normal ] [  Normal ]

noclip                [     off ] [     off ]
null texture stripping[      on ] [      on ]
clipnode economy mode [      on ] [      on ]
clip hull type        [  legacy ] [  legacy ]
onlyents              [     off ] [     off ]
wadtextures           [      on ] [      on ]
skyclip               [      on ] [      on ]
hullfile              [    None ] [    None ]
nullfile              [    None ] [    None ]
min surface area      [   0.500 ] [   0.500 ]
brush union threshold [   0.000 ] [   0.000 ]

Using mapfile wad configuration
Wadinclude list :
[zhlt.wad]

0 brushes (totalling 0 sides) discarded from clipping hulls
CreateBrush:
 (0.02 seconds)
SetModelCenters:
 (0.06 seconds)

Using Wadfile: \me\tools\valve hammer editor 3.5\cstrike.wad
 - Contains 0 used textures, -1.#J percent of map (123 textures in wad)
Using Wadfile: \me\tools\valve hammer editor 3.5\halflife.wad
 - Contains 0 used textures, -1.#J percent of map (3116 textures in wad)
Using Wadfile: \me\tools\valve hammer editor 3.5\cs_dust.wad
 - Contains 0 used textures, -1.#J percent of map (28 textures in wad)

Texture usage is at 0.00 mb (of 4.00 mb MAX)
0.14 seconds elapsed

-----   END   hlcsg -----



hlbsp v3.4 Final (Feb 25 2006)
Zoner's Half-Life Compilation Tools -- Custom Build
Based on code modifications by Sean 'Zoner' Cavanaugh
Based on Valve's version, modified with permission.
Submit detailed bug reports to (amckern@yahoo.com)
-----  BEGIN  hlbsp -----
Command line: E:\Me\Tools\VALVEH~1.5\hlbsp.exe "E:\Me\Tools\Valve Hammer Editor 3.5\maps\compile\zm_qzet"

Current hlbsp Settings
Name               |  Setting  |  Default
-------------------|-----------|-------------------------
threads             [       2 ] [  Varies ]
verbose             [     off ] [     off ]
log                 [      on ] [      on ]
developer           [       0 ] [       0 ]
chart               [     off ] [     off ]
estimate            [     off ] [     off ]
max texture memory  [ 4194304 ] [ 4194304 ]
priority            [  Normal ] [  Normal ]

noclip              [     off ] [     off ]
nofill              [     off ] [     off ]
noopt               [     off ] [     off ]
null tex. stripping [      on ] [      on ]
notjunc             [     off ] [     off ]
subdivide size      [     240 ] [     240 ] (Min 64) (Max 512)
max node size       [    1024 ] [    1024 ] (Min 64) (Max 8192)


0.00 seconds elapsed

-----   END   hlbsp -----



