194
565
4 0 136 (940.000000 -600.000000 736.000000) (940.000000 -600.000000 752.000000) (940.000000 -592.000000 752.000000) (940.000000 -592.000000 736.000000) 
4 0 95 (940.000000 -592.000000 752.000000) (940.000000 -16.000000 752.000000) (940.000000 -16.000000 736.000000) (940.000000 -592.000000 736.000000) 
4 0 50 (1888.000000 -600.000000 736.000000) (1888.000000 -600.000000 752.000000) (940.000000 -600.000000 752.000000) (940.000000 -600.000000 736.000000) 
4 0 15 (940.000000 -32.000000 736.000000) (940.000000 -16.000000 736.000000) (1008.000000 -16.000000 736.000000) (1008.000000 -32.000000 736.000000) 
4 0 8 (1008.000000 -16.000000 736.000000) (1056.000000 -16.000000 736.000000) (1056.000000 -32.000000 736.000000) (1008.000000 -32.000000 736.000000) 
4 0 2 (1056.000000 -32.000000 736.000000) (1056.000000 -16.000000 736.000000) (1872.000000 -16.000000 736.000000) (1872.000000 -32.000000 736.000000) 
4 0 1 (1888.000000 -600.000000 736.000000) (1872.000000 -600.000000 736.000000) (1872.000000 -16.000000 736.000000) (1888.000000 -16.000000 736.000000) 
4 1 51 (1888.000000 -600.000000 448.000000) (1888.000000 -600.000000 736.000000) (1872.000000 -600.000000 736.000000) (1872.000000 -600.000000 448.000000) 
4 1 2 (1872.000000 -16.000000 736.000000) (1872.000000 -16.000000 448.000000) (1872.000000 -32.000000 448.000000) (1872.000000 -32.000000 736.000000) 
4 2 13 (1056.000000 -16.000000 568.000000) (1056.000000 -16.000000 448.000000) (1056.000000 -32.000000 448.000000) (1056.000000 -32.000000 568.000000) 
4 2 12 (1056.000000 -16.000000 576.000000) (1056.000000 -16.000000 568.000000) (1056.000000 -32.000000 568.000000) (1056.000000 -32.000000 576.000000) 
4 2 10 (1056.000000 -16.000000 616.000000) (1056.000000 -16.000000 576.000000) (1056.000000 -32.000000 576.000000) (1056.000000 -32.000000 616.000000) 
4 2 8 (1056.000000 -32.000000 736.000000) (1056.000000 -16.000000 736.000000) (1056.000000 -16.000000 616.000000) (1056.000000 -32.000000 616.000000) 
4 3 20 (1056.000000 -568.000000 448.000000) (1056.000000 -48.000000 448.000000) (1856.000000 -48.000000 448.000000) (1856.000000 -568.000000 448.000000) 
4 3 14 (1056.000000 -32.000000 568.000000) (1056.000000 -32.000000 448.000000) (1056.000000 -64.000000 448.000000) (1056.000000 -64.000000 568.000000) 
4 3 9 (1056.000000 -64.000000 736.000000) (1056.000000 -32.000000 736.000000) (1056.000000 -32.000000 616.000000) (1056.000000 -64.000000 616.000000) 
4 3 17 (1056.000000 -568.000000 736.000000) (1056.000000 -64.000000 736.000000) (1056.000000 -64.000000 448.000000) (1056.000000 -568.000000 448.000000) 
4 3 6 (1840.000000 -568.000000 448.000000) (1872.000000 -568.000000 448.000000) (1872.000000 -568.000000 568.000000) (1840.000000 -568.000000 568.000000) 
4 3 4 (1872.000000 -568.000000 616.000000) (1872.000000 -568.000000 736.000000) (1840.000000 -568.000000 736.000000) (1840.000000 -568.000000 616.000000) 
4 3 7 (1056.000000 -568.000000 736.000000) (1056.000000 -568.000000 448.000000) (1840.000000 -568.000000 448.000000) (1840.000000 -568.000000 736.000000) 
4 4 52 (1872.000000 -600.000000 736.000000) (1840.000000 -600.000000 736.000000) (1840.000000 -600.000000 616.000000) (1872.000000 -600.000000 616.000000) 
4 4 7 (1840.000000 -568.000000 736.000000) (1840.000000 -568.000000 616.000000) (1840.000000 -600.000000 616.000000) (1840.000000 -600.000000 736.000000) 
4 5 53 (1840.000000 -600.000000 608.000000) (1840.000000 -600.000000 576.000000) (1864.000000 -600.000000 576.000000) (1864.000000 -600.000000 608.000000) 
4 5 7 (1840.000000 -576.000000 576.000000) (1840.000000 -600.000000 576.000000) (1840.000000 -600.000000 608.000000) (1840.000000 -576.000000 608.000000) 
4 6 54 (1840.000000 -600.000000 568.000000) (1840.000000 -600.000000 448.000000) (1872.000000 -600.000000 448.000000) (1872.000000 -600.000000 568.000000) 
4 6 20 (1856.000000 -600.000000 448.000000) (1840.000000 -600.000000 448.000000) (1840.000000 -568.000000 448.000000) (1856.000000 -568.000000 448.000000) 
4 6 7 (1840.000000 -568.000000 568.000000) (1840.000000 -568.000000 448.000000) (1840.000000 -600.000000 448.000000) (1840.000000 -600.000000 568.000000) 
4 7 55 (1840.000000 -600.000000 736.000000) (1056.000000 -600.000000 736.000000) (1056.000000 -600.000000 448.000000) (1840.000000 -600.000000 448.000000) 
4 7 20 (1840.000000 -600.000000 448.000000) (1056.000000 -600.000000 448.000000) (1056.000000 -568.000000 448.000000) (1840.000000 -568.000000 448.000000) 
4 7 17 (1056.000000 -600.000000 448.000000) (1056.000000 -600.000000 736.000000) (1056.000000 -568.000000 736.000000) (1056.000000 -568.000000 448.000000) 
4 8 15 (1008.000000 -32.000000 736.000000) (1008.000000 -16.000000 736.000000) (1008.000000 -16.000000 616.000000) (1008.000000 -32.000000 616.000000) 
4 8 10 (1008.000000 -32.000000 616.000000) (1008.000000 -16.000000 616.000000) (1056.000000 -16.000000 616.000000) (1056.000000 -32.000000 616.000000) 
4 9 16 (1008.000000 -64.000000 736.000000) (1008.000000 -32.000000 736.000000) (1008.000000 -32.000000 616.000000) (1008.000000 -64.000000 616.000000) 
4 9 17 (1056.000000 -64.000000 616.000000) (1056.000000 -64.000000 736.000000) (1008.000000 -64.000000 736.000000) (1008.000000 -64.000000 616.000000) 
4 10 15 (1008.000000 -16.000000 616.000000) (1008.000000 -16.000000 576.000000) (1008.000000 -32.000000 576.000000) (1008.000000 -32.000000 616.000000) 
4 10 12 (1008.000000 -32.000000 576.000000) (1008.000000 -16.000000 576.000000) (1056.000000 -16.000000 576.000000) (1056.000000 -32.000000 576.000000) 
4 11 17 (1016.000000 -64.000000 608.000000) (1016.000000 -64.000000 576.000000) (1048.000000 -64.000000 576.000000) (1048.000000 -64.000000 608.000000) 
4 12 15 (1008.000000 -16.000000 576.000000) (1008.000000 -16.000000 568.000000) (1008.000000 -32.000000 568.000000) (1008.000000 -32.000000 576.000000) 
4 12 13 (1008.000000 -32.000000 568.000000) (1008.000000 -16.000000 568.000000) (1056.000000 -16.000000 568.000000) (1056.000000 -32.000000 568.000000) 
4 13 15 (1008.000000 -16.000000 568.000000) (1008.000000 -16.000000 448.000000) (1008.000000 -32.000000 448.000000) (1008.000000 -32.000000 568.000000) 
4 14 20 (1056.000000 -48.000000 448.000000) (1056.000000 -64.000000 448.000000) (1008.000000 -64.000000 448.000000) (1008.000000 -48.000000 448.000000) 
4 14 16 (1008.000000 -32.000000 448.000000) (1008.000000 -64.000000 448.000000) (1008.000000 -64.000000 568.000000) (1008.000000 -32.000000 568.000000) 
4 14 17 (1008.000000 -64.000000 448.000000) (1056.000000 -64.000000 448.000000) (1056.000000 -64.000000 568.000000) (1008.000000 -64.000000 568.000000) 
4 15 96 (940.000000 -32.000000 736.000000) (940.000000 -16.000000 736.000000) (940.000000 -16.000000 448.000000) (940.000000 -32.000000 448.000000) 
4 16 97 (940.000000 -64.000000 736.000000) (940.000000 -32.000000 736.000000) (940.000000 -32.000000 448.000000) (940.000000 -64.000000 448.000000) 
4 16 20 (940.000000 -64.000000 448.000000) (940.000000 -48.000000 448.000000) (1008.000000 -48.000000 448.000000) (1008.000000 -64.000000 448.000000) 
4 16 17 (940.000000 -64.000000 736.000000) (940.000000 -64.000000 448.000000) (1008.000000 -64.000000 448.000000) (1008.000000 -64.000000 736.000000) 
4 17 137 (940.000000 -600.000000 448.000000) (940.000000 -600.000000 736.000000) (940.000000 -592.000000 736.000000) (940.000000 -592.000000 448.000000) 
4 17 98 (940.000000 -592.000000 736.000000) (940.000000 -568.000000 736.000000) (940.000000 -568.000000 448.000000) (940.000000 -592.000000 448.000000) 
4 17 97 (940.000000 -568.000000 736.000000) (940.000000 -64.000000 736.000000) (940.000000 -64.000000 448.000000) (940.000000 -568.000000 448.000000) 
4 17 58 (976.000000 -600.000000 736.000000) (940.000000 -600.000000 736.000000) (940.000000 -600.000000 448.000000) (976.000000 -600.000000 448.000000) 
4 17 55 (1056.000000 -600.000000 736.000000) (976.000000 -600.000000 736.000000) (976.000000 -600.000000 448.000000) (1056.000000 -600.000000 448.000000) 
4 17 20 (1056.000000 -600.000000 448.000000) (940.000000 -600.000000 448.000000) (940.000000 -64.000000 448.000000) (1056.000000 -64.000000 448.000000) 
4 18 103 (940.000000 -32.000000 440.000000) (940.000000 -32.000000 432.000000) (940.000000 -48.000000 432.000000) (940.000000 -48.000000 440.000000) 
4 18 21 (1872.000000 -32.000000 432.000000) (1872.000000 -48.000000 432.000000) (1856.000000 -48.000000 432.000000) (1856.000000 -32.000000 432.000000) 
4 18 23 (1808.000000 -48.000000 432.000000) (940.000000 -48.000000 432.000000) (940.000000 -32.000000 432.000000) (1808.000000 -32.000000 432.000000) 
4 18 19 (1872.000000 -48.000000 432.000000) (1872.000000 -48.000000 440.000000) (1856.000000 -48.000000 440.000000) (1856.000000 -48.000000 432.000000) 
4 18 20 (1856.000000 -48.000000 440.000000) (940.000000 -48.000000 440.000000) (940.000000 -48.000000 432.000000) (1856.000000 -48.000000 432.000000) 
4 19 66 (1872.000000 -600.000000 432.000000) (1872.000000 -600.000000 440.000000) (1856.000000 -600.000000 440.000000) (1856.000000 -600.000000 432.000000) 
4 19 21 (1872.000000 -48.000000 432.000000) (1872.000000 -80.000000 432.000000) (1856.000000 -80.000000 432.000000) (1856.000000 -48.000000 432.000000) 
4 19 22 (1872.000000 -80.000000 432.000000) (1872.000000 -600.000000 432.000000) (1856.000000 -600.000000 432.000000) (1856.000000 -80.000000 432.000000) 
4 19 20 (1856.000000 -48.000000 440.000000) (1856.000000 -48.000000 432.000000) (1856.000000 -600.000000 432.000000) (1856.000000 -600.000000 440.000000) 
4 20 152 (940.000000 -600.000000 432.000000) (940.000000 -600.000000 448.000000) (940.000000 -592.000000 448.000000) (940.000000 -592.000000 432.000000) 
4 20 104 (940.000000 -592.000000 448.000000) (940.000000 -48.000000 448.000000) (940.000000 -48.000000 432.000000) (940.000000 -592.000000 432.000000) 
4 20 67 (1856.000000 -600.000000 448.000000) (940.000000 -600.000000 448.000000) (940.000000 -600.000000 432.000000) (1856.000000 -600.000000 432.000000) 
4 20 22 (1856.000000 -600.000000 432.000000) (1808.000000 -600.000000 432.000000) (1808.000000 -80.000000 432.000000) (1856.000000 -80.000000 432.000000) 
4 20 23 (1808.000000 -600.000000 432.000000) (940.000000 -600.000000 432.000000) (940.000000 -48.000000 432.000000) (1808.000000 -48.000000 432.000000) 
4 21 22 (1856.000000 -80.000000 384.000000) (1872.000000 -80.000000 384.000000) (1872.000000 -80.000000 432.000000) (1856.000000 -80.000000 432.000000) 
4 22 66 (1872.000000 -600.000000 384.000000) (1872.000000 -600.000000 432.000000) (1856.000000 -600.000000 432.000000) (1856.000000 -600.000000 384.000000) 
4 22 67 (1856.000000 -600.000000 432.000000) (1808.000000 -600.000000 432.000000) (1808.000000 -600.000000 384.000000) (1856.000000 -600.000000 384.000000) 
4 22 39 (1872.000000 -600.000000 384.000000) (1808.000000 -600.000000 384.000000) (1808.000000 -416.000000 384.000000) (1872.000000 -416.000000 384.000000) 
4 22 38 (1808.000000 -416.000000 384.000000) (1808.000000 -288.000000 384.000000) (1872.000000 -288.000000 384.000000) (1872.000000 -416.000000 384.000000) 
4 22 29 (1808.000000 -288.000000 384.000000) (1808.000000 -144.000000 384.000000) (1872.000000 -144.000000 384.000000) (1872.000000 -288.000000 384.000000) 
4 22 24 (1808.000000 -144.000000 384.000000) (1808.000000 -128.000000 384.000000) (1872.000000 -128.000000 384.000000) (1872.000000 -144.000000 384.000000) 
4 22 23 (1808.000000 -80.000000 384.000000) (1808.000000 -600.000000 384.000000) (1808.000000 -600.000000 432.000000) (1808.000000 -80.000000 432.000000) 
4 23 152 (940.000000 -600.000000 384.000000) (940.000000 -600.000000 432.000000) (940.000000 -592.000000 432.000000) (940.000000 -592.000000 384.000000) 
4 23 104 (940.000000 -592.000000 432.000000) (940.000000 -48.000000 432.000000) (940.000000 -48.000000 384.000000) (940.000000 -592.000000 384.000000) 
4 23 103 (940.000000 -48.000000 432.000000) (940.000000 -32.000000 432.000000) (940.000000 -32.000000 384.000000) (940.000000 -48.000000 384.000000) 
4 23 67 (1808.000000 -600.000000 432.000000) (940.000000 -600.000000 432.000000) (940.000000 -600.000000 384.000000) (1808.000000 -600.000000 384.000000) 
4 23 48 (976.000000 -600.000000 384.000000) (940.000000 -600.000000 384.000000) (940.000000 -564.000000 384.000000) (976.000000 -564.000000 384.000000) 
4 23 47 (1280.000000 -600.000000 384.000000) (976.000000 -600.000000 384.000000) (976.000000 -564.000000 384.000000) (1280.000000 -564.000000 384.000000) 
4 23 46 (940.000000 -564.000000 384.000000) (940.000000 -32.000000 384.000000) (1280.000000 -32.000000 384.000000) (1280.000000 -564.000000 384.000000) 
4 23 41 (1680.000000 -600.000000 384.000000) (1616.000000 -600.000000 384.000000) (1616.000000 -416.000000 384.000000) (1680.000000 -416.000000 384.000000) 
4 23 39 (1808.000000 -600.000000 384.000000) (1680.000000 -600.000000 384.000000) (1680.000000 -416.000000 384.000000) (1808.000000 -416.000000 384.000000) 
4 23 38 (1616.000000 -416.000000 384.000000) (1616.000000 -288.000000 384.000000) (1808.000000 -288.000000 384.000000) (1808.000000 -416.000000 384.000000) 
4 23 45 (1616.000000 -600.000000 384.000000) (1280.000000 -600.000000 384.000000) (1280.000000 -288.000000 384.000000) (1616.000000 -288.000000 384.000000) 
4 23 29 (1280.000000 -288.000000 384.000000) (1280.000000 -144.000000 384.000000) (1808.000000 -144.000000 384.000000) (1808.000000 -288.000000 384.000000) 
4 23 28 (1280.000000 -144.000000 384.000000) (1280.000000 -96.000000 384.000000) (1728.000000 -96.000000 384.000000) (1728.000000 -144.000000 384.000000) 
4 23 27 (1728.000000 -96.000000 384.000000) (1776.000000 -96.000000 384.000000) (1776.000000 -144.000000 384.000000) (1728.000000 -144.000000 384.000000) 
4 23 26 (1280.000000 -96.000000 384.000000) (1280.000000 -32.000000 384.000000) (1712.000000 -32.000000 384.000000) (1712.000000 -96.000000 384.000000) 
4 23 25 (1712.000000 -32.000000 384.000000) (1776.000000 -32.000000 384.000000) (1776.000000 -96.000000 384.000000) (1712.000000 -96.000000 384.000000) 
4 23 24 (1808.000000 -128.000000 384.000000) (1808.000000 -144.000000 384.000000) (1776.000000 -144.000000 384.000000) (1776.000000 -128.000000 384.000000) 
4 24 29 (1872.000000 -144.000000 288.000000) (1872.000000 -144.000000 384.000000) (1776.000000 -144.000000 384.000000) (1776.000000 -144.000000 288.000000) 
4 24 27 (1776.000000 -144.000000 336.000000) (1776.000000 -144.000000 384.000000) (1776.000000 -128.000000 384.000000) (1776.000000 -128.000000 336.000000) 
4 25 28 (1728.000000 -96.000000 384.000000) (1712.000000 -96.000000 384.000000) (1712.000000 -96.000000 352.000000) (1728.000000 -96.000000 352.000000) 
4 25 27 (1776.000000 -96.000000 352.000000) (1776.000000 -96.000000 384.000000) (1728.000000 -96.000000 384.000000) (1728.000000 -96.000000 352.000000) 
4 25 26 (1712.000000 -32.000000 384.000000) (1712.000000 -32.000000 352.000000) (1712.000000 -96.000000 352.000000) (1712.000000 -96.000000 384.000000) 
4 26 46 (1280.000000 -32.000000 384.000000) (1280.000000 -32.000000 288.000000) (1280.000000 -96.000000 288.000000) (1280.000000 -96.000000 384.000000) 
4 26 28 (1712.000000 -96.000000 384.000000) (1280.000000 -96.000000 384.000000) (1280.000000 -96.000000 288.000000) (1712.000000 -96.000000 288.000000) 
4 27 29 (1776.000000 -144.000000 384.000000) (1728.000000 -144.000000 384.000000) (1728.000000 -144.000000 336.000000) (1776.000000 -144.000000 336.000000) 
4 27 28 (1728.000000 -96.000000 384.000000) (1728.000000 -96.000000 336.000000) (1728.000000 -144.000000 336.000000) (1728.000000 -144.000000 384.000000) 
4 28 46 (1280.000000 -144.000000 288.000000) (1280.000000 -144.000000 384.000000) (1280.000000 -96.000000 384.000000) (1280.000000 -96.000000 288.000000) 
4 28 29 (1728.000000 -144.000000 384.000000) (1280.000000 -144.000000 384.000000) (1280.000000 -144.000000 288.000000) (1728.000000 -144.000000 288.000000) 
4 29 46 (1280.000000 -288.000000 288.000000) (1280.000000 -288.000000 384.000000) (1280.000000 -144.000000 384.000000) (1280.000000 -144.000000 288.000000) 
4 29 38 (1872.000000 -288.000000 288.000000) (1872.000000 -288.000000 384.000000) (1616.000000 -288.000000 384.000000) (1616.000000 -288.000000 288.000000) 
4 29 45 (1616.000000 -288.000000 384.000000) (1280.000000 -288.000000 384.000000) (1280.000000 -288.000000 288.000000) (1616.000000 -288.000000 288.000000) 
4 30 35 (1552.000000 -176.000000 176.000000) (1552.000000 -176.000000 208.000000) (1296.000000 -176.000000 208.000000) (1296.000000 -176.000000 176.000000) 
4 30 34 (1552.000000 -176.000000 144.000000) (1872.000000 -176.000000 144.000000) (1872.000000 -176.000000 208.000000) (1552.000000 -176.000000 208.000000) 
4 30 33 (1552.000000 -176.000000 272.000000) (1296.000000 -176.000000 272.000000) (1296.000000 -176.000000 224.000000) (1552.000000 -176.000000 224.000000) 
4 30 32 (1872.000000 -176.000000 208.000000) (1872.000000 -176.000000 272.000000) (1552.000000 -176.000000 272.000000) (1552.000000 -176.000000 208.000000) 
4 30 31 (1296.000000 -32.000000 208.000000) (1296.000000 -32.000000 176.000000) (1296.000000 -176.000000 176.000000) (1296.000000 -176.000000 208.000000) 
4 31 46 (1280.000000 -32.000000 208.000000) (1280.000000 -32.000000 176.000000) (1280.000000 -176.000000 176.000000) (1280.000000 -176.000000 208.000000) 
4 31 35 (1296.000000 -176.000000 176.000000) (1296.000000 -176.000000 208.000000) (1280.000000 -176.000000 208.000000) (1280.000000 -176.000000 176.000000) 
4 32 34 (1552.000000 -176.000000 208.000000) (1872.000000 -176.000000 208.000000) (1872.000000 -272.000000 208.000000) (1552.000000 -272.000000 208.000000) 
4 32 33 (1552.000000 -272.000000 272.000000) (1552.000000 -176.000000 272.000000) (1552.000000 -176.000000 224.000000) (1552.000000 -272.000000 224.000000) 
4 34 37 (1872.000000 -272.000000 176.000000) (1872.000000 -272.000000 208.000000) (1552.000000 -272.000000 208.000000) (1552.000000 -272.000000 176.000000) 
4 34 35 (1552.000000 -176.000000 208.000000) (1552.000000 -176.000000 176.000000) (1552.000000 -192.000000 176.000000) (1552.000000 -192.000000 208.000000) 
4 34 36 (1552.000000 -192.000000 144.000000) (1552.000000 -272.000000 144.000000) (1552.000000 -272.000000 208.000000) (1552.000000 -192.000000 208.000000) 
4 35 46 (1280.000000 -192.000000 176.000000) (1280.000000 -192.000000 208.000000) (1280.000000 -176.000000 208.000000) (1280.000000 -176.000000 176.000000) 
4 35 36 (1552.000000 -192.000000 176.000000) (1552.000000 -192.000000 208.000000) (1280.000000 -192.000000 208.000000) (1280.000000 -192.000000 176.000000) 
4 36 46 (1280.000000 -192.000000 144.000000) (1280.000000 -272.000000 144.000000) (1280.000000 -272.000000 208.000000) (1280.000000 -192.000000 208.000000) 
4 36 37 (1552.000000 -272.000000 176.000000) (1552.000000 -272.000000 208.000000) (1280.000000 -272.000000 208.000000) (1280.000000 -272.000000 176.000000) 
4 37 46 (1280.000000 -288.000000 176.000000) (1280.000000 -288.000000 208.000000) (1280.000000 -272.000000 208.000000) (1280.000000 -272.000000 176.000000) 
4 37 45 (1616.000000 -288.000000 208.000000) (1280.000000 -288.000000 208.000000) (1280.000000 -288.000000 176.000000) (1616.000000 -288.000000 176.000000) 
4 38 41 (1680.000000 -416.000000 384.000000) (1616.000000 -416.000000 384.000000) (1616.000000 -416.000000 272.000000) (1680.000000 -416.000000 272.000000) 
4 38 39 (1872.000000 -416.000000 272.000000) (1872.000000 -416.000000 384.000000) (1680.000000 -416.000000 384.000000) (1680.000000 -416.000000 272.000000) 
4 38 45 (1616.000000 -288.000000 384.000000) (1616.000000 -288.000000 272.000000) (1616.000000 -416.000000 272.000000) (1616.000000 -416.000000 384.000000) 
4 39 69 (1872.000000 -600.000000 240.000000) (1872.000000 -600.000000 272.000000) (1680.000000 -600.000000 272.000000) (1680.000000 -600.000000 240.000000) 
4 39 66 (1872.000000 -600.000000 272.000000) (1872.000000 -600.000000 384.000000) (1856.000000 -600.000000 384.000000) (1856.000000 -600.000000 272.000000) 
4 39 67 (1856.000000 -600.000000 384.000000) (1680.000000 -600.000000 384.000000) (1680.000000 -600.000000 272.000000) (1856.000000 -600.000000 272.000000) 
4 39 41 (1680.000000 -416.000000 384.000000) (1680.000000 -416.000000 240.000000) (1680.000000 -600.000000 240.000000) (1680.000000 -600.000000 384.000000) 
4 39 40 (1872.000000 -512.000000 240.000000) (1872.000000 -600.000000 240.000000) (1680.000000 -600.000000 240.000000) (1680.000000 -512.000000 240.000000) 
4 40 69 (1872.000000 -600.000000 144.000000) (1872.000000 -600.000000 240.000000) (1680.000000 -600.000000 240.000000) (1680.000000 -600.000000 144.000000) 
4 40 42 (1680.000000 -528.000000 192.000000) (1680.000000 -528.000000 208.000000) (1680.000000 -512.000000 208.000000) (1680.000000 -512.000000 192.000000) 
4 40 44 (1680.000000 -528.000000 144.000000) (1680.000000 -600.000000 144.000000) (1680.000000 -600.000000 208.000000) (1680.000000 -528.000000 208.000000) 
4 40 41 (1680.000000 -600.000000 208.000000) (1680.000000 -600.000000 240.000000) (1680.000000 -512.000000 240.000000) (1680.000000 -512.000000 208.000000) 
4 41 69 (1616.000000 -600.000000 272.000000) (1616.000000 -600.000000 208.000000) (1680.000000 -600.000000 208.000000) (1680.000000 -600.000000 272.000000) 
4 41 67 (1680.000000 -600.000000 384.000000) (1616.000000 -600.000000 384.000000) (1616.000000 -600.000000 272.000000) (1680.000000 -600.000000 272.000000) 
4 41 42 (1680.000000 -480.000000 208.000000) (1680.000000 -528.000000 208.000000) (1616.000000 -528.000000 208.000000) (1616.000000 -480.000000 208.000000) 
4 41 44 (1680.000000 -528.000000 208.000000) (1680.000000 -600.000000 208.000000) (1616.000000 -600.000000 208.000000) (1616.000000 -528.000000 208.000000) 
4 41 45 (1616.000000 -600.000000 208.000000) (1616.000000 -600.000000 384.000000) (1616.000000 -416.000000 384.000000) (1616.000000 -416.000000 208.000000) 
4 42 43 (1632.000000 -528.000000 192.000000) (1616.000000 -528.000000 192.000000) (1616.000000 -480.000000 192.000000) (1632.000000 -480.000000 192.000000) 
4 42 45 (1616.000000 -528.000000 192.000000) (1616.000000 -528.000000 208.000000) (1616.000000 -480.000000 208.000000) (1616.000000 -480.000000 192.000000) 
4 42 44 (1616.000000 -528.000000 208.000000) (1616.000000 -528.000000 192.000000) (1680.000000 -528.000000 192.000000) (1680.000000 -528.000000 208.000000) 
4 43 44 (1616.000000 -528.000000 192.000000) (1616.000000 -528.000000 144.000000) (1632.000000 -528.000000 144.000000) (1632.000000 -528.000000 192.000000) 
4 43 45 (1616.000000 -480.000000 144.000000) (1616.000000 -528.000000 144.000000) (1616.000000 -528.000000 192.000000) (1616.000000 -480.000000 192.000000) 
4 44 69 (1616.000000 -600.000000 208.000000) (1616.000000 -600.000000 144.000000) (1680.000000 -600.000000 144.000000) (1680.000000 -600.000000 208.000000) 
4 44 45 (1616.000000 -528.000000 144.000000) (1616.000000 -600.000000 144.000000) (1616.000000 -600.000000 208.000000) (1616.000000 -528.000000 208.000000) 
4 45 69 (1280.000000 -600.000000 272.000000) (1280.000000 -600.000000 144.000000) (1616.000000 -600.000000 144.000000) (1616.000000 -600.000000 272.000000) 
4 45 67 (1616.000000 -600.000000 384.000000) (1280.000000 -600.000000 384.000000) (1280.000000 -600.000000 272.000000) (1616.000000 -600.000000 272.000000) 
4 45 47 (1280.000000 -564.000000 144.000000) (1280.000000 -600.000000 144.000000) (1280.000000 -600.000000 384.000000) (1280.000000 -564.000000 384.000000) 
4 45 46 (1280.000000 -288.000000 144.000000) (1280.000000 -564.000000 144.000000) (1280.000000 -564.000000 384.000000) (1280.000000 -288.000000 384.000000) 
4 46 106 (940.000000 -32.000000 272.000000) (940.000000 -32.000000 144.000000) (940.000000 -564.000000 144.000000) (940.000000 -564.000000 272.000000) 
4 46 104 (940.000000 -564.000000 384.000000) (940.000000 -48.000000 384.000000) (940.000000 -48.000000 272.000000) (940.000000 -564.000000 272.000000) 
4 46 103 (940.000000 -48.000000 384.000000) (940.000000 -32.000000 384.000000) (940.000000 -32.000000 272.000000) (940.000000 -48.000000 272.000000) 
4 46 48 (976.000000 -564.000000 320.000000) (976.000000 -564.000000 384.000000) (940.000000 -564.000000 384.000000) (940.000000 -564.000000 320.000000) 
4 46 47 (976.000000 -564.000000 144.000000) (1280.000000 -564.000000 144.000000) (1280.000000 -564.000000 384.000000) (976.000000 -564.000000 384.000000) 
4 47 86 (976.000000 -600.000000 272.000000) (976.000000 -600.000000 144.000000) (1216.000000 -600.000000 144.000000) (1216.000000 -600.000000 272.000000) 
4 47 69 (1216.000000 -600.000000 144.000000) (1280.000000 -600.000000 144.000000) (1280.000000 -600.000000 272.000000) (1216.000000 -600.000000 272.000000) 
4 47 67 (1280.000000 -600.000000 384.000000) (976.000000 -600.000000 384.000000) (976.000000 -600.000000 272.000000) (1280.000000 -600.000000 272.000000) 
4 47 48 (976.000000 -600.000000 320.000000) (976.000000 -600.000000 384.000000) (976.000000 -564.000000 384.000000) (976.000000 -564.000000 320.000000) 
4 48 152 (940.000000 -600.000000 320.000000) (940.000000 -600.000000 384.000000) (940.000000 -592.000000 384.000000) (940.000000 -592.000000 320.000000) 
4 48 104 (940.000000 -592.000000 384.000000) (940.000000 -564.000000 384.000000) (940.000000 -564.000000 320.000000) (940.000000 -592.000000 320.000000) 
4 48 67 (976.000000 -600.000000 384.000000) (940.000000 -600.000000 384.000000) (940.000000 -600.000000 320.000000) (976.000000 -600.000000 320.000000) 
4 49 193 (940.000000 -600.000000 112.000000) (940.000000 -600.000000 128.000000) (940.000000 -592.000000 128.000000) (940.000000 -592.000000 112.000000) 
4 49 135 (940.000000 -592.000000 128.000000) (940.000000 -32.000000 128.000000) (940.000000 -32.000000 112.000000) (940.000000 -592.000000 112.000000) 
4 49 94 (1872.000000 -600.000000 112.000000) (1872.000000 -600.000000 128.000000) (940.000000 -600.000000 128.000000) (940.000000 -600.000000 112.000000) 
4 50 136 (940.000000 -600.000000 752.000000) (940.000000 -600.000000 736.000000) (940.000000 -1168.000000 736.000000) (940.000000 -1168.000000 752.000000) 
4 50 60 (940.000000 -1168.000000 736.000000) (940.000000 -1152.000000 736.000000) (976.000000 -1152.000000 736.000000) (976.000000 -1168.000000 736.000000) 
4 50 57 (1872.000000 -1152.000000 736.000000) (1872.000000 -1168.000000 736.000000) (976.000000 -1168.000000 736.000000) (976.000000 -1152.000000 736.000000) 
4 50 51 (1872.000000 -600.000000 736.000000) (1888.000000 -600.000000 736.000000) (1888.000000 -1168.000000 736.000000) (1872.000000 -1168.000000 736.000000) 
4 51 57 (1872.000000 -1152.000000 448.000000) (1872.000000 -1168.000000 448.000000) (1872.000000 -1168.000000 736.000000) (1872.000000 -1152.000000 736.000000) 
4 52 56 (1872.000000 -616.000000 616.000000) (1872.000000 -616.000000 736.000000) (1840.000000 -616.000000 736.000000) (1840.000000 -616.000000 616.000000) 
4 52 55 (1840.000000 -600.000000 736.000000) (1840.000000 -600.000000 616.000000) (1840.000000 -616.000000 616.000000) (1840.000000 -616.000000 736.000000) 
4 53 55 (1840.000000 -600.000000 608.000000) (1840.000000 -600.000000 576.000000) (1840.000000 -608.000000 576.000000) (1840.000000 -608.000000 608.000000) 
4 54 67 (1840.000000 -600.000000 448.000000) (1856.000000 -600.000000 448.000000) (1856.000000 -616.000000 448.000000) (1840.000000 -616.000000 448.000000) 
4 54 56 (1840.000000 -616.000000 448.000000) (1872.000000 -616.000000 448.000000) (1872.000000 -616.000000 568.000000) (1840.000000 -616.000000 568.000000) 
4 54 55 (1840.000000 -600.000000 568.000000) (1840.000000 -600.000000 448.000000) (1840.000000 -616.000000 448.000000) (1840.000000 -616.000000 568.000000) 
4 55 67 (976.000000 -600.000000 448.000000) (1840.000000 -600.000000 448.000000) (1840.000000 -616.000000 448.000000) (976.000000 -616.000000 448.000000) 
4 55 58 (976.000000 -616.000000 736.000000) (976.000000 -600.000000 736.000000) (976.000000 -600.000000 448.000000) (976.000000 -616.000000 448.000000) 
4 55 56 (976.000000 -616.000000 736.000000) (976.000000 -616.000000 448.000000) (1840.000000 -616.000000 448.000000) (1840.000000 -616.000000 736.000000) 
4 56 67 (1856.000000 -1136.000000 448.000000) (976.000000 -1136.000000 448.000000) (976.000000 -616.000000 448.000000) (1856.000000 -616.000000 448.000000) 
4 56 64 (976.000000 -1120.000000 568.000000) (976.000000 -1120.000000 448.000000) (976.000000 -1152.000000 448.000000) (976.000000 -1152.000000 568.000000) 
4 56 59 (976.000000 -1152.000000 736.000000) (976.000000 -1120.000000 736.000000) (976.000000 -1120.000000 616.000000) (976.000000 -1152.000000 616.000000) 
4 56 58 (976.000000 -1120.000000 736.000000) (976.000000 -616.000000 736.000000) (976.000000 -616.000000 448.000000) (976.000000 -1120.000000 448.000000) 
4 57 65 (976.000000 -1168.000000 448.000000) (976.000000 -1168.000000 568.000000) (976.000000 -1152.000000 568.000000) (976.000000 -1152.000000 448.000000) 
4 57 63 (976.000000 -1168.000000 568.000000) (976.000000 -1168.000000 608.000000) (976.000000 -1152.000000 608.000000) (976.000000 -1152.000000 568.000000) 
4 57 61 (976.000000 -1168.000000 608.000000) (976.000000 -1168.000000 616.000000) (976.000000 -1152.000000 616.000000) (976.000000 -1152.000000 608.000000) 
4 57 60 (976.000000 -1168.000000 616.000000) (976.000000 -1168.000000 736.000000) (976.000000 -1152.000000 736.000000) (976.000000 -1152.000000 616.000000) 
4 58 137 (940.000000 -600.000000 736.000000) (940.000000 -600.000000 448.000000) (940.000000 -1120.000000 448.000000) (940.000000 -1120.000000 736.000000) 
4 58 67 (940.000000 -1120.000000 448.000000) (940.000000 -600.000000 448.000000) (976.000000 -600.000000 448.000000) (976.000000 -1120.000000 448.000000) 
4 58 64 (940.000000 -1120.000000 568.000000) (940.000000 -1120.000000 448.000000) (976.000000 -1120.000000 448.000000) (976.000000 -1120.000000 568.000000) 
4 58 62 (940.000000 -1120.000000 608.000000) (940.000000 -1120.000000 576.000000) (968.000000 -1120.000000 576.000000) (968.000000 -1120.000000 608.000000) 
4 58 59 (940.000000 -1120.000000 736.000000) (940.000000 -1120.000000 616.000000) (976.000000 -1120.000000 616.000000) (976.000000 -1120.000000 736.000000) 
4 59 138 (940.000000 -1152.000000 736.000000) (940.000000 -1120.000000 736.000000) (940.000000 -1120.000000 616.000000) (940.000000 -1152.000000 616.000000) 
4 60 139 (940.000000 -1168.000000 616.000000) (940.000000 -1168.000000 736.000000) (940.000000 -1152.000000 736.000000) (940.000000 -1152.000000 616.000000) 
4 60 61 (940.000000 -1168.000000 616.000000) (940.000000 -1152.000000 616.000000) (976.000000 -1152.000000 616.000000) (976.000000 -1168.000000 616.000000) 
4 61 141 (940.000000 -1168.000000 608.000000) (940.000000 -1168.000000 616.000000) (940.000000 -1152.000000 616.000000) (940.000000 -1152.000000 608.000000) 
4 61 63 (976.000000 -1168.000000 608.000000) (940.000000 -1168.000000 608.000000) (940.000000 -1152.000000 608.000000) (976.000000 -1152.000000 608.000000) 
4 62 140 (940.000000 -1144.000000 608.000000) (940.000000 -1120.000000 608.000000) (940.000000 -1120.000000 576.000000) (940.000000 -1144.000000 576.000000) 
4 63 142 (940.000000 -1168.000000 568.000000) (940.000000 -1168.000000 576.000000) (940.000000 -1152.000000 576.000000) (940.000000 -1152.000000 568.000000) 
4 63 141 (940.000000 -1168.000000 576.000000) (940.000000 -1168.000000 608.000000) (940.000000 -1152.000000 608.000000) (940.000000 -1152.000000 576.000000) 
4 63 65 (940.000000 -1168.000000 568.000000) (940.000000 -1152.000000 568.000000) (976.000000 -1152.000000 568.000000) (976.000000 -1168.000000 568.000000) 
4 64 143 (940.000000 -1120.000000 448.000000) (940.000000 -1152.000000 448.000000) (940.000000 -1152.000000 568.000000) (940.000000 -1120.000000 568.000000) 
4 64 67 (940.000000 -1136.000000 448.000000) (940.000000 -1120.000000 448.000000) (976.000000 -1120.000000 448.000000) (976.000000 -1136.000000 448.000000) 
4 65 144 (940.000000 -1152.000000 448.000000) (940.000000 -1168.000000 448.000000) (940.000000 -1168.000000 568.000000) (940.000000 -1152.000000 568.000000) 
4 66 69 (1856.000000 -600.000000 272.000000) (1872.000000 -600.000000 272.000000) (1872.000000 -720.000000 272.000000) (1856.000000 -720.000000 272.000000) 
4 66 68 (1856.000000 -1136.000000 272.000000) (1872.000000 -1136.000000 272.000000) (1872.000000 -1136.000000 440.000000) (1856.000000 -1136.000000 440.000000) 
4 66 67 (1856.000000 -600.000000 272.000000) (1856.000000 -1136.000000 272.000000) (1856.000000 -1136.000000 440.000000) (1856.000000 -600.000000 440.000000) 
4 67 152 (940.000000 -1136.000000 448.000000) (940.000000 -600.000000 448.000000) (940.000000 -600.000000 272.000000) (940.000000 -1136.000000 272.000000) 
4 67 92 (992.000000 -1056.000000 272.000000) (1088.000000 -1056.000000 272.000000) (1088.000000 -1136.000000 272.000000) (992.000000 -1136.000000 272.000000) 
4 67 93 (940.000000 -1136.000000 272.000000) (940.000000 -1056.000000 272.000000) (992.000000 -1056.000000 272.000000) (992.000000 -1136.000000 272.000000) 
4 67 89 (1024.000000 -976.000000 272.000000) (1088.000000 -976.000000 272.000000) (1088.000000 -1056.000000 272.000000) (1024.000000 -1056.000000 272.000000) 
4 67 91 (940.000000 -1056.000000 272.000000) (940.000000 -976.000000 272.000000) (1024.000000 -976.000000 272.000000) (1024.000000 -1056.000000 272.000000) 
4 67 87 (1088.000000 -976.000000 272.000000) (1216.000000 -976.000000 272.000000) (1216.000000 -1024.000000 272.000000) (1088.000000 -1024.000000 272.000000) 
4 67 86 (940.000000 -976.000000 272.000000) (940.000000 -600.000000 272.000000) (1216.000000 -600.000000 272.000000) (1216.000000 -976.000000 272.000000) 
4 67 69 (1216.000000 -600.000000 272.000000) (1856.000000 -600.000000 272.000000) (1856.000000 -720.000000 272.000000) (1216.000000 -720.000000 272.000000) 
4 67 68 (940.000000 -1136.000000 440.000000) (940.000000 -1136.000000 272.000000) (1856.000000 -1136.000000 272.000000) (1856.000000 -1136.000000 440.000000) 
4 68 154 (940.000000 -1152.000000 272.000000) (940.000000 -1152.000000 440.000000) (940.000000 -1136.000000 440.000000) (940.000000 -1136.000000 272.000000) 
4 68 92 (992.000000 -1136.000000 272.000000) (1088.000000 -1136.000000 272.000000) (1088.000000 -1152.000000 272.000000) (992.000000 -1152.000000 272.000000) 
4 68 93 (940.000000 -1152.000000 272.000000) (940.000000 -1136.000000 272.000000) (992.000000 -1136.000000 272.000000) (992.000000 -1152.000000 272.000000) 
4 69 86 (1216.000000 -600.000000 272.000000) (1216.000000 -600.000000 144.000000) (1216.000000 -720.000000 144.000000) (1216.000000 -720.000000 272.000000) 
4 69 85 (1232.000000 -720.000000 168.000000) (1232.000000 -720.000000 200.000000) (1216.000000 -720.000000 200.000000) (1216.000000 -720.000000 168.000000) 
4 69 79 (1520.000000 -720.000000 144.000000) (1624.000000 -720.000000 144.000000) (1624.000000 -720.000000 168.000000) (1520.000000 -720.000000 168.000000) 
4 69 71 (1872.000000 -720.000000 168.000000) (1872.000000 -720.000000 200.000000) (1232.000000 -720.000000 200.000000) (1232.000000 -720.000000 168.000000) 
4 70 77 (1232.000000 -1016.000000 208.000000) (1232.000000 -1008.000000 208.000000) (1416.000000 -1008.000000 208.000000) (1416.000000 -1016.000000 208.000000) 
4 70 75 (1416.000000 -736.000000 208.000000) (1504.000000 -736.000000 208.000000) (1504.000000 -1016.000000 208.000000) (1416.000000 -1016.000000 208.000000) 
4 70 74 (1640.000000 -1008.000000 208.000000) (1640.000000 -1016.000000 208.000000) (1504.000000 -1016.000000 208.000000) (1504.000000 -1008.000000 208.000000) 
4 70 72 (1640.000000 -736.000000 208.000000) (1872.000000 -736.000000 208.000000) (1872.000000 -1016.000000 208.000000) (1640.000000 -1016.000000 208.000000) 
4 70 84 (1872.000000 -1152.000000 208.000000) (1232.000000 -1152.000000 208.000000) (1232.000000 -1016.000000 208.000000) (1872.000000 -1016.000000 208.000000) 
4 71 85 (1232.000000 -720.000000 200.000000) (1232.000000 -720.000000 168.000000) (1232.000000 -736.000000 168.000000) (1232.000000 -736.000000 200.000000) 
4 71 79 (1520.000000 -720.000000 168.000000) (1624.000000 -720.000000 168.000000) (1624.000000 -736.000000 168.000000) (1520.000000 -736.000000 168.000000) 
4 71 76 (1416.000000 -736.000000 200.000000) (1232.000000 -736.000000 200.000000) (1232.000000 -736.000000 168.000000) (1416.000000 -736.000000 168.000000) 
4 71 75 (1504.000000 -736.000000 200.000000) (1416.000000 -736.000000 200.000000) (1416.000000 -736.000000 168.000000) (1504.000000 -736.000000 168.000000) 
4 71 73 (1640.000000 -736.000000 200.000000) (1504.000000 -736.000000 200.000000) (1504.000000 -736.000000 168.000000) (1640.000000 -736.000000 168.000000) 
4 71 72 (1872.000000 -736.000000 168.000000) (1872.000000 -736.000000 200.000000) (1640.000000 -736.000000 200.000000) (1640.000000 -736.000000 168.000000) 
4 72 78 (1640.000000 -736.000000 168.000000) (1872.000000 -736.000000 168.000000) (1872.000000 -1016.000000 168.000000) (1640.000000 -1016.000000 168.000000) 
4 72 73 (1640.000000 -736.000000 168.000000) (1640.000000 -1008.000000 168.000000) (1640.000000 -1008.000000 200.000000) (1640.000000 -736.000000 200.000000) 
4 72 74 (1640.000000 -1008.000000 168.000000) (1640.000000 -1016.000000 168.000000) (1640.000000 -1016.000000 208.000000) (1640.000000 -1008.000000 208.000000) 
4 72 84 (1872.000000 -1016.000000 168.000000) (1872.000000 -1016.000000 208.000000) (1640.000000 -1016.000000 208.000000) (1640.000000 -1016.000000 168.000000) 
4 73 79 (1520.000000 -736.000000 168.000000) (1624.000000 -736.000000 168.000000) (1624.000000 -1008.000000 168.000000) (1520.000000 -1008.000000 168.000000) 
4 73 75 (1504.000000 -736.000000 200.000000) (1504.000000 -736.000000 168.000000) (1504.000000 -1008.000000 168.000000) (1504.000000 -1008.000000 200.000000) 
4 73 74 (1504.000000 -1008.000000 200.000000) (1504.000000 -1008.000000 168.000000) (1640.000000 -1008.000000 168.000000) (1640.000000 -1008.000000 200.000000) 
4 74 79 (1624.000000 -1016.000000 168.000000) (1520.000000 -1016.000000 168.000000) (1520.000000 -1008.000000 168.000000) (1624.000000 -1008.000000 168.000000) 
4 74 75 (1504.000000 -1008.000000 168.000000) (1504.000000 -1016.000000 168.000000) (1504.000000 -1016.000000 208.000000) (1504.000000 -1008.000000 208.000000) 
4 74 84 (1640.000000 -1016.000000 208.000000) (1504.000000 -1016.000000 208.000000) (1504.000000 -1016.000000 168.000000) (1640.000000 -1016.000000 168.000000) 
4 75 80 (1416.000000 -736.000000 168.000000) (1504.000000 -736.000000 168.000000) (1504.000000 -1016.000000 168.000000) (1416.000000 -1016.000000 168.000000) 
4 75 76 (1416.000000 -736.000000 168.000000) (1416.000000 -1008.000000 168.000000) (1416.000000 -1008.000000 200.000000) (1416.000000 -736.000000 200.000000) 
4 75 77 (1416.000000 -1008.000000 168.000000) (1416.000000 -1016.000000 168.000000) (1416.000000 -1016.000000 208.000000) (1416.000000 -1008.000000 208.000000) 
4 75 84 (1504.000000 -1016.000000 208.000000) (1416.000000 -1016.000000 208.000000) (1416.000000 -1016.000000 168.000000) (1504.000000 -1016.000000 168.000000) 
4 76 85 (1232.000000 -736.000000 200.000000) (1232.000000 -736.000000 168.000000) (1232.000000 -1008.000000 168.000000) (1232.000000 -1008.000000 200.000000) 
4 76 82 (1328.000000 -800.000000 168.000000) (1400.000000 -800.000000 168.000000) (1400.000000 -1000.000000 168.000000) (1328.000000 -1000.000000 168.000000) 
4 76 83 (1232.000000 -1008.000000 168.000000) (1232.000000 -800.000000 168.000000) (1312.000000 -800.000000 168.000000) (1312.000000 -1008.000000 168.000000) 
4 76 81 (1232.000000 -800.000000 168.000000) (1232.000000 -736.000000 168.000000) (1400.000000 -736.000000 168.000000) (1400.000000 -800.000000 168.000000) 
4 76 77 (1232.000000 -1008.000000 200.000000) (1232.000000 -1008.000000 168.000000) (1416.000000 -1008.000000 168.000000) (1416.000000 -1008.000000 200.000000) 
4 77 85 (1232.000000 -1016.000000 168.000000) (1232.000000 -1016.000000 200.000000) (1232.000000 -1008.000000 200.000000) (1232.000000 -1008.000000 168.000000) 
4 77 83 (1232.000000 -1016.000000 168.000000) (1232.000000 -1008.000000 168.000000) (1312.000000 -1008.000000 168.000000) (1312.000000 -1016.000000 168.000000) 
4 77 84 (1416.000000 -1016.000000 208.000000) (1232.000000 -1016.000000 208.000000) (1232.000000 -1016.000000 168.000000) (1416.000000 -1016.000000 168.000000) 
4 78 84 (1872.000000 -1016.000000 144.000000) (1872.000000 -1016.000000 168.000000) (1640.000000 -1016.000000 168.000000) (1640.000000 -1016.000000 144.000000) 
4 79 84 (1624.000000 -1016.000000 168.000000) (1520.000000 -1016.000000 168.000000) (1520.000000 -1016.000000 144.000000) (1624.000000 -1016.000000 144.000000) 
4 80 84 (1504.000000 -1016.000000 168.000000) (1416.000000 -1016.000000 168.000000) (1416.000000 -1016.000000 144.000000) (1504.000000 -1016.000000 144.000000) 
4 81 82 (1400.000000 -800.000000 144.000000) (1400.000000 -800.000000 168.000000) (1328.000000 -800.000000 168.000000) (1328.000000 -800.000000 144.000000) 
4 81 83 (1312.000000 -800.000000 168.000000) (1232.000000 -800.000000 168.000000) (1232.000000 -800.000000 144.000000) (1312.000000 -800.000000 144.000000) 
4 83 84 (1312.000000 -1016.000000 168.000000) (1232.000000 -1016.000000 168.000000) (1232.000000 -1016.000000 144.000000) (1312.000000 -1016.000000 144.000000) 
4 84 85 (1232.000000 -1152.000000 168.000000) (1232.000000 -1152.000000 200.000000) (1232.000000 -1016.000000 200.000000) (1232.000000 -1016.000000 168.000000) 
4 85 88 (1216.000000 -976.000000 192.000000) (1216.000000 -976.000000 168.000000) (1216.000000 -1024.000000 168.000000) (1216.000000 -1024.000000 192.000000) 
4 85 87 (1216.000000 -1024.000000 200.000000) (1216.000000 -976.000000 200.000000) (1216.000000 -976.000000 192.000000) (1216.000000 -1024.000000 192.000000) 
4 85 86 (1216.000000 -976.000000 200.000000) (1216.000000 -720.000000 200.000000) (1216.000000 -720.000000 168.000000) (1216.000000 -976.000000 168.000000) 
4 86 155 (940.000000 -976.000000 272.000000) (940.000000 -600.000000 272.000000) (940.000000 -600.000000 144.000000) (940.000000 -976.000000 144.000000) 
4 86 90 (1024.000000 -976.000000 144.000000) (1088.000000 -976.000000 144.000000) (1088.000000 -976.000000 208.000000) (1024.000000 -976.000000 208.000000) 
4 86 89 (1088.000000 -976.000000 208.000000) (1088.000000 -976.000000 272.000000) (1024.000000 -976.000000 272.000000) (1024.000000 -976.000000 208.000000) 
4 86 91 (940.000000 -976.000000 144.000000) (1024.000000 -976.000000 144.000000) (1024.000000 -976.000000 272.000000) (940.000000 -976.000000 272.000000) 
4 86 88 (1136.000000 -976.000000 144.000000) (1216.000000 -976.000000 144.000000) (1216.000000 -976.000000 192.000000) (1136.000000 -976.000000 192.000000) 
4 86 87 (1216.000000 -976.000000 192.000000) (1216.000000 -976.000000 272.000000) (1088.000000 -976.000000 272.000000) (1088.000000 -976.000000 192.000000) 
4 87 90 (1088.000000 -992.000000 208.000000) (1088.000000 -976.000000 208.000000) (1088.000000 -976.000000 192.000000) (1088.000000 -992.000000 192.000000) 
4 87 89 (1088.000000 -1024.000000 208.000000) (1088.000000 -1024.000000 272.000000) (1088.000000 -976.000000 272.000000) (1088.000000 -976.000000 208.000000) 
4 87 88 (1136.000000 -976.000000 192.000000) (1216.000000 -976.000000 192.000000) (1216.000000 -1024.000000 192.000000) (1136.000000 -1024.000000 192.000000) 
4 89 92 (1088.000000 -1056.000000 240.000000) (1088.000000 -1056.000000 272.000000) (1024.000000 -1056.000000 272.000000) (1024.000000 -1056.000000 240.000000) 
4 89 90 (1024.000000 -992.000000 208.000000) (1024.000000 -976.000000 208.000000) (1088.000000 -976.000000 208.000000) (1088.000000 -992.000000 208.000000) 
4 89 91 (1024.000000 -1056.000000 208.000000) (1024.000000 -1056.000000 272.000000) (1024.000000 -976.000000 272.000000) (1024.000000 -976.000000 208.000000) 
4 90 91 (1024.000000 -976.000000 144.000000) (1024.000000 -992.000000 144.000000) (1024.000000 -992.000000 208.000000) (1024.000000 -976.000000 208.000000) 
4 91 157 (940.000000 -1008.000000 192.000000) (940.000000 -1008.000000 144.000000) (940.000000 -1056.000000 144.000000) (940.000000 -1056.000000 192.000000) 
4 91 156 (940.000000 -1056.000000 272.000000) (940.000000 -1008.000000 272.000000) (940.000000 -1008.000000 192.000000) (940.000000 -1056.000000 192.000000) 
4 91 155 (940.000000 -1008.000000 272.000000) (940.000000 -976.000000 272.000000) (940.000000 -976.000000 144.000000) (940.000000 -1008.000000 144.000000) 
4 91 92 (1024.000000 -1056.000000 240.000000) (1024.000000 -1056.000000 272.000000) (992.000000 -1056.000000 272.000000) (992.000000 -1056.000000 240.000000) 
4 91 93 (940.000000 -1056.000000 144.000000) (992.000000 -1056.000000 144.000000) (992.000000 -1056.000000 272.000000) (940.000000 -1056.000000 272.000000) 
4 92 93 (992.000000 -1056.000000 272.000000) (992.000000 -1056.000000 240.000000) (992.000000 -1152.000000 240.000000) (992.000000 -1152.000000 272.000000) 
4 93 158 (940.000000 -1152.000000 144.000000) (940.000000 -1152.000000 272.000000) (940.000000 -1056.000000 272.000000) (940.000000 -1056.000000 144.000000) 
4 94 193 (940.000000 -1152.000000 112.000000) (940.000000 -1152.000000 128.000000) (940.000000 -600.000000 128.000000) (940.000000 -600.000000 112.000000) 
4 95 136 (940.000000 -592.000000 736.000000) (940.000000 -592.000000 752.000000) (16.000000 -592.000000 752.000000) (16.000000 -592.000000 736.000000) 
4 95 96 (32.000000 -32.000000 736.000000) (32.000000 -16.000000 736.000000) (940.000000 -16.000000 736.000000) (940.000000 -32.000000 736.000000) 
4 95 102 (32.000000 -592.000000 736.000000) (16.000000 -592.000000 736.000000) (16.000000 -16.000000 736.000000) (32.000000 -16.000000 736.000000) 
4 96 102 (32.000000 -32.000000 736.000000) (32.000000 -16.000000 736.000000) (32.000000 -16.000000 448.000000) (32.000000 -32.000000 448.000000) 
4 97 104 (48.000000 -48.000000 448.000000) (940.000000 -48.000000 448.000000) (940.000000 -568.000000 448.000000) (48.000000 -568.000000 448.000000) 
4 97 101 (32.000000 -568.000000 448.000000) (64.000000 -568.000000 448.000000) (64.000000 -568.000000 568.000000) (32.000000 -568.000000 568.000000) 
4 97 99 (64.000000 -568.000000 616.000000) (64.000000 -568.000000 736.000000) (32.000000 -568.000000 736.000000) (32.000000 -568.000000 616.000000) 
4 97 98 (64.000000 -568.000000 448.000000) (940.000000 -568.000000 448.000000) (940.000000 -568.000000 736.000000) (64.000000 -568.000000 736.000000) 
4 98 145 (928.000000 -592.000000 736.000000) (64.000000 -592.000000 736.000000) (64.000000 -592.000000 448.000000) (928.000000 -592.000000 448.000000) 
4 98 137 (940.000000 -592.000000 448.000000) (940.000000 -592.000000 736.000000) (928.000000 -592.000000 736.000000) (928.000000 -592.000000 448.000000) 
4 98 104 (940.000000 -592.000000 448.000000) (64.000000 -592.000000 448.000000) (64.000000 -568.000000 448.000000) (940.000000 -568.000000 448.000000) 
4 98 101 (64.000000 -568.000000 568.000000) (64.000000 -568.000000 448.000000) (64.000000 -592.000000 448.000000) (64.000000 -592.000000 568.000000) 
4 98 100 (64.000000 -576.000000 576.000000) (64.000000 -592.000000 576.000000) (64.000000 -592.000000 608.000000) (64.000000 -576.000000 608.000000) 
4 98 99 (64.000000 -568.000000 736.000000) (64.000000 -568.000000 616.000000) (64.000000 -592.000000 616.000000) (64.000000 -592.000000 736.000000) 
4 99 146 (64.000000 -592.000000 736.000000) (32.000000 -592.000000 736.000000) (32.000000 -592.000000 616.000000) (64.000000 -592.000000 616.000000) 
4 100 147 (40.000000 -592.000000 576.000000) (64.000000 -592.000000 576.000000) (64.000000 -592.000000 608.000000) (40.000000 -592.000000 608.000000) 
4 101 148 (32.000000 -592.000000 568.000000) (32.000000 -592.000000 448.000000) (64.000000 -592.000000 448.000000) (64.000000 -592.000000 568.000000) 
4 101 104 (64.000000 -592.000000 448.000000) (48.000000 -592.000000 448.000000) (48.000000 -568.000000 448.000000) (64.000000 -568.000000 448.000000) 
4 102 151 (32.000000 -592.000000 736.000000) (16.000000 -592.000000 736.000000) (16.000000 -592.000000 448.000000) (32.000000 -592.000000 448.000000) 
4 103 111 (288.000000 -32.000000 272.000000) (384.000000 -32.000000 272.000000) (384.000000 -48.000000 272.000000) (288.000000 -48.000000 272.000000) 
4 103 107 (384.000000 -32.000000 272.000000) (464.000000 -32.000000 272.000000) (464.000000 -48.000000 272.000000) (384.000000 -48.000000 272.000000) 
4 103 106 (464.000000 -32.000000 272.000000) (940.000000 -32.000000 272.000000) (940.000000 -48.000000 272.000000) (464.000000 -48.000000 272.000000) 
4 103 105 (48.000000 -48.000000 440.000000) (32.000000 -48.000000 440.000000) (32.000000 -48.000000 272.000000) (48.000000 -48.000000 272.000000) 
4 103 104 (940.000000 -48.000000 272.000000) (940.000000 -48.000000 440.000000) (48.000000 -48.000000 440.000000) (48.000000 -48.000000 272.000000) 
4 104 152 (940.000000 -592.000000 272.000000) (940.000000 -592.000000 448.000000) (48.000000 -592.000000 448.000000) (48.000000 -592.000000 272.000000) 
4 104 121 (448.000000 -592.000000 272.000000) (48.000000 -592.000000 272.000000) (48.000000 -304.000000 272.000000) (448.000000 -304.000000 272.000000) 
4 104 120 (464.000000 -304.000000 272.000000) (464.000000 -592.000000 272.000000) (448.000000 -592.000000 272.000000) (448.000000 -304.000000 272.000000) 
4 104 119 (464.000000 -288.000000 272.000000) (464.000000 -304.000000 272.000000) (48.000000 -304.000000 272.000000) (48.000000 -288.000000 272.000000) 
4 104 116 (288.000000 -224.000000 272.000000) (288.000000 -288.000000 272.000000) (160.000000 -288.000000 272.000000) (160.000000 -224.000000 272.000000) 
4 104 114 (288.000000 -160.000000 272.000000) (288.000000 -224.000000 272.000000) (160.000000 -224.000000 272.000000) (160.000000 -160.000000 272.000000) 
4 104 111 (288.000000 -48.000000 272.000000) (384.000000 -48.000000 272.000000) (384.000000 -144.000000 272.000000) (288.000000 -144.000000 272.000000) 
4 104 107 (384.000000 -48.000000 272.000000) (464.000000 -48.000000 272.000000) (464.000000 -144.000000 272.000000) (384.000000 -144.000000 272.000000) 
4 104 113 (464.000000 -144.000000 272.000000) (464.000000 -288.000000 272.000000) (288.000000 -288.000000 272.000000) (288.000000 -144.000000 272.000000) 
4 104 106 (464.000000 -48.000000 272.000000) (940.000000 -48.000000 272.000000) (940.000000 -592.000000 272.000000) (464.000000 -592.000000 272.000000) 
4 104 105 (48.000000 -48.000000 440.000000) (48.000000 -48.000000 272.000000) (48.000000 -592.000000 272.000000) (48.000000 -592.000000 440.000000) 
4 105 153 (32.000000 -592.000000 440.000000) (32.000000 -592.000000 272.000000) (48.000000 -592.000000 272.000000) (48.000000 -592.000000 440.000000) 
4 105 121 (32.000000 -592.000000 272.000000) (32.000000 -304.000000 272.000000) (48.000000 -304.000000 272.000000) (48.000000 -592.000000 272.000000) 
4 105 119 (32.000000 -304.000000 272.000000) (32.000000 -288.000000 272.000000) (48.000000 -288.000000 272.000000) (48.000000 -304.000000 272.000000) 
4 106 159 (832.000000 -592.000000 272.000000) (464.000000 -592.000000 272.000000) (464.000000 -592.000000 144.000000) (832.000000 -592.000000 144.000000) 
4 106 155 (940.000000 -592.000000 144.000000) (940.000000 -592.000000 272.000000) (832.000000 -592.000000 272.000000) (832.000000 -592.000000 144.000000) 
4 106 132 (464.000000 -592.000000 176.000000) (464.000000 -592.000000 208.000000) (464.000000 -512.000000 208.000000) (464.000000 -512.000000 176.000000) 
4 106 131 (464.000000 -512.000000 176.000000) (464.000000 -512.000000 208.000000) (464.000000 -496.000000 208.000000) (464.000000 -496.000000 176.000000) 
4 106 130 (464.000000 -400.000000 144.000000) (464.000000 -496.000000 144.000000) (464.000000 -496.000000 208.000000) (464.000000 -400.000000 208.000000) 
4 106 128 (464.000000 -400.000000 176.000000) (464.000000 -400.000000 208.000000) (464.000000 -384.000000 208.000000) (464.000000 -384.000000 176.000000) 
4 106 125 (464.000000 -384.000000 176.000000) (464.000000 -384.000000 208.000000) (464.000000 -288.000000 208.000000) (464.000000 -288.000000 176.000000) 
4 106 120 (464.000000 -592.000000 248.000000) (464.000000 -592.000000 272.000000) (464.000000 -304.000000 272.000000) (464.000000 -304.000000 248.000000) 
4 106 119 (464.000000 -304.000000 272.000000) (464.000000 -288.000000 272.000000) (464.000000 -288.000000 248.000000) (464.000000 -304.000000 248.000000) 
4 106 109 (464.000000 -96.000000 144.000000) (464.000000 -144.000000 144.000000) (464.000000 -144.000000 208.000000) (464.000000 -96.000000 208.000000) 
4 106 108 (464.000000 -32.000000 208.000000) (464.000000 -32.000000 144.000000) (464.000000 -96.000000 144.000000) (464.000000 -96.000000 208.000000) 
4 106 107 (464.000000 -32.000000 272.000000) (464.000000 -32.000000 208.000000) (464.000000 -144.000000 208.000000) (464.000000 -144.000000 272.000000) 
4 106 113 (464.000000 -144.000000 144.000000) (464.000000 -288.000000 144.000000) (464.000000 -288.000000 272.000000) (464.000000 -144.000000 272.000000) 
4 107 112 (384.000000 -128.000000 208.000000) (384.000000 -144.000000 208.000000) (384.000000 -144.000000 240.000000) (384.000000 -128.000000 240.000000) 
4 107 111 (384.000000 -32.000000 272.000000) (384.000000 -32.000000 240.000000) (384.000000 -144.000000 240.000000) (384.000000 -144.000000 272.000000) 
4 107 110 (432.000000 -144.000000 208.000000) (384.000000 -144.000000 208.000000) (384.000000 -96.000000 208.000000) (432.000000 -96.000000 208.000000) 
4 107 109 (464.000000 -144.000000 208.000000) (432.000000 -144.000000 208.000000) (432.000000 -96.000000 208.000000) (464.000000 -96.000000 208.000000) 
4 107 108 (448.000000 -32.000000 208.000000) (464.000000 -32.000000 208.000000) (464.000000 -96.000000 208.000000) (448.000000 -96.000000 208.000000) 
4 107 113 (464.000000 -144.000000 208.000000) (464.000000 -144.000000 272.000000) (384.000000 -144.000000 272.000000) (384.000000 -144.000000 208.000000) 
4 108 109 (448.000000 -96.000000 144.000000) (464.000000 -96.000000 144.000000) (464.000000 -96.000000 208.000000) (448.000000 -96.000000 208.000000) 
4 109 110 (432.000000 -96.000000 208.000000) (432.000000 -96.000000 192.000000) (432.000000 -144.000000 192.000000) (432.000000 -144.000000 208.000000) 
4 109 113 (432.000000 -144.000000 144.000000) (464.000000 -144.000000 144.000000) (464.000000 -144.000000 208.000000) (432.000000 -144.000000 208.000000) 
4 110 112 (384.000000 -144.000000 192.000000) (384.000000 -144.000000 208.000000) (384.000000 -128.000000 208.000000) (384.000000 -128.000000 192.000000) 
4 110 113 (432.000000 -144.000000 192.000000) (432.000000 -144.000000 208.000000) (384.000000 -144.000000 208.000000) (384.000000 -144.000000 192.000000) 
4 111 112 (384.000000 -128.000000 240.000000) (384.000000 -144.000000 240.000000) (288.000000 -144.000000 240.000000) (288.000000 -128.000000 240.000000) 
4 111 113 (384.000000 -144.000000 240.000000) (384.000000 -144.000000 272.000000) (288.000000 -144.000000 272.000000) (288.000000 -144.000000 240.000000) 
4 112 113 (288.000000 -144.000000 144.000000) (384.000000 -144.000000 144.000000) (384.000000 -144.000000 240.000000) (288.000000 -144.000000 240.000000) 
4 113 126 (448.000000 -288.000000 176.000000) (448.000000 -288.000000 208.000000) (288.000000 -288.000000 208.000000) (288.000000 -288.000000 176.000000) 
4 113 125 (464.000000 -288.000000 176.000000) (464.000000 -288.000000 208.000000) (448.000000 -288.000000 208.000000) (448.000000 -288.000000 176.000000) 
4 113 119 (464.000000 -288.000000 248.000000) (464.000000 -288.000000 272.000000) (288.000000 -288.000000 272.000000) (288.000000 -288.000000 248.000000) 
4 113 117 (288.000000 -224.000000 144.000000) (288.000000 -288.000000 144.000000) (288.000000 -288.000000 192.000000) (288.000000 -224.000000 192.000000) 
4 113 116 (288.000000 -288.000000 192.000000) (288.000000 -288.000000 272.000000) (288.000000 -224.000000 272.000000) (288.000000 -224.000000 192.000000) 
4 113 115 (288.000000 -160.000000 144.000000) (288.000000 -224.000000 144.000000) (288.000000 -224.000000 208.000000) (288.000000 -160.000000 208.000000) 
4 113 114 (288.000000 -224.000000 208.000000) (288.000000 -224.000000 272.000000) (288.000000 -160.000000 272.000000) (288.000000 -160.000000 208.000000) 
4 114 116 (160.000000 -224.000000 272.000000) (160.000000 -224.000000 208.000000) (288.000000 -224.000000 208.000000) (288.000000 -224.000000 272.000000) 
4 114 115 (224.000000 -160.000000 208.000000) (288.000000 -160.000000 208.000000) (288.000000 -224.000000 208.000000) (224.000000 -224.000000 208.000000) 
4 115 117 (224.000000 -224.000000 144.000000) (288.000000 -224.000000 144.000000) (288.000000 -224.000000 192.000000) (224.000000 -224.000000 192.000000) 
4 115 116 (288.000000 -224.000000 192.000000) (288.000000 -224.000000 208.000000) (224.000000 -224.000000 208.000000) (224.000000 -224.000000 192.000000) 
4 116 126 (288.000000 -288.000000 192.000000) (288.000000 -288.000000 208.000000) (160.000000 -288.000000 208.000000) (160.000000 -288.000000 192.000000) 
4 116 119 (288.000000 -288.000000 248.000000) (288.000000 -288.000000 272.000000) (160.000000 -288.000000 272.000000) (160.000000 -288.000000 248.000000) 
4 116 118 (208.000000 -288.000000 192.000000) (160.000000 -288.000000 192.000000) (160.000000 -272.000000 192.000000) (208.000000 -272.000000 192.000000) 
4 116 117 (288.000000 -288.000000 192.000000) (208.000000 -288.000000 192.000000) (208.000000 -224.000000 192.000000) (288.000000 -224.000000 192.000000) 
4 117 126 (288.000000 -288.000000 176.000000) (288.000000 -288.000000 192.000000) (208.000000 -288.000000 192.000000) (208.000000 -288.000000 176.000000) 
4 117 118 (208.000000 -272.000000 144.000000) (208.000000 -288.000000 144.000000) (208.000000 -288.000000 192.000000) (208.000000 -272.000000 192.000000) 
4 118 126 (208.000000 -288.000000 176.000000) (208.000000 -288.000000 192.000000) (160.000000 -288.000000 192.000000) (160.000000 -288.000000 176.000000) 
4 119 121 (448.000000 -304.000000 272.000000) (32.000000 -304.000000 272.000000) (32.000000 -304.000000 248.000000) (448.000000 -304.000000 248.000000) 
4 119 120 (464.000000 -304.000000 248.000000) (464.000000 -304.000000 272.000000) (448.000000 -304.000000 272.000000) (448.000000 -304.000000 248.000000) 
4 120 160 (464.000000 -592.000000 272.000000) (448.000000 -592.000000 272.000000) (448.000000 -592.000000 248.000000) (464.000000 -592.000000 248.000000) 
4 120 121 (448.000000 -304.000000 272.000000) (448.000000 -304.000000 248.000000) (448.000000 -592.000000 248.000000) (448.000000 -592.000000 272.000000) 
4 121 160 (448.000000 -592.000000 272.000000) (32.000000 -592.000000 272.000000) (32.000000 -592.000000 248.000000) (448.000000 -592.000000 248.000000) 
4 122 127 (192.000000 -304.000000 208.000000) (448.000000 -304.000000 208.000000) (448.000000 -384.000000 208.000000) (192.000000 -384.000000 208.000000) 
4 122 124 (192.000000 -384.000000 240.000000) (192.000000 -304.000000 240.000000) (192.000000 -304.000000 208.000000) (192.000000 -384.000000 208.000000) 
4 123 133 (448.000000 -512.000000 208.000000) (448.000000 -592.000000 208.000000) (192.000000 -592.000000 208.000000) (192.000000 -512.000000 208.000000) 
4 123 124 (192.000000 -592.000000 240.000000) (192.000000 -512.000000 240.000000) (192.000000 -512.000000 208.000000) (192.000000 -592.000000 208.000000) 
4 124 134 (32.000000 -592.000000 208.000000) (32.000000 -400.000000 208.000000) (192.000000 -400.000000 208.000000) (192.000000 -592.000000 208.000000) 
4 124 129 (32.000000 -400.000000 208.000000) (32.000000 -384.000000 208.000000) (192.000000 -384.000000 208.000000) (192.000000 -400.000000 208.000000) 
4 124 127 (32.000000 -384.000000 208.000000) (32.000000 -304.000000 208.000000) (192.000000 -304.000000 208.000000) (192.000000 -384.000000 208.000000) 
4 125 128 (464.000000 -384.000000 176.000000) (464.000000 -384.000000 208.000000) (448.000000 -384.000000 208.000000) (448.000000 -384.000000 176.000000) 
4 125 126 (448.000000 -304.000000 208.000000) (448.000000 -288.000000 208.000000) (448.000000 -288.000000 176.000000) (448.000000 -304.000000 176.000000) 
4 125 127 (448.000000 -384.000000 176.000000) (448.000000 -384.000000 208.000000) (448.000000 -304.000000 208.000000) (448.000000 -304.000000 176.000000) 
4 126 127 (32.000000 -304.000000 208.000000) (32.000000 -304.000000 176.000000) (448.000000 -304.000000 176.000000) (448.000000 -304.000000 208.000000) 
4 127 128 (448.000000 -384.000000 176.000000) (448.000000 -384.000000 208.000000) (192.000000 -384.000000 208.000000) (192.000000 -384.000000 176.000000) 
4 127 129 (32.000000 -384.000000 208.000000) (32.000000 -384.000000 144.000000) (192.000000 -384.000000 144.000000) (192.000000 -384.000000 208.000000) 
4 128 130 (464.000000 -400.000000 176.000000) (464.000000 -400.000000 208.000000) (192.000000 -400.000000 208.000000) (192.000000 -400.000000 176.000000) 
4 128 129 (192.000000 -384.000000 208.000000) (192.000000 -384.000000 176.000000) (192.000000 -400.000000 176.000000) (192.000000 -400.000000 208.000000) 
4 129 134 (32.000000 -400.000000 144.000000) (192.000000 -400.000000 144.000000) (192.000000 -400.000000 208.000000) (32.000000 -400.000000 208.000000) 
4 130 131 (464.000000 -496.000000 176.000000) (464.000000 -496.000000 208.000000) (192.000000 -496.000000 208.000000) (192.000000 -496.000000 176.000000) 
4 130 134 (192.000000 -400.000000 208.000000) (192.000000 -400.000000 144.000000) (192.000000 -496.000000 144.000000) (192.000000 -496.000000 208.000000) 
4 131 132 (448.000000 -512.000000 176.000000) (464.000000 -512.000000 176.000000) (464.000000 -512.000000 208.000000) (448.000000 -512.000000 208.000000) 
4 131 133 (192.000000 -512.000000 208.000000) (192.000000 -512.000000 176.000000) (448.000000 -512.000000 176.000000) (448.000000 -512.000000 208.000000) 
4 131 134 (192.000000 -512.000000 176.000000) (192.000000 -512.000000 208.000000) (192.000000 -496.000000 208.000000) (192.000000 -496.000000 176.000000) 
4 132 161 (464.000000 -592.000000 176.000000) (464.000000 -592.000000 208.000000) (448.000000 -592.000000 208.000000) (448.000000 -592.000000 176.000000) 
4 132 133 (448.000000 -512.000000 208.000000) (448.000000 -512.000000 176.000000) (448.000000 -592.000000 176.000000) (448.000000 -592.000000 208.000000) 
4 133 161 (448.000000 -592.000000 176.000000) (448.000000 -592.000000 208.000000) (192.000000 -592.000000 208.000000) (192.000000 -592.000000 176.000000) 
4 133 134 (192.000000 -512.000000 144.000000) (192.000000 -592.000000 144.000000) (192.000000 -592.000000 208.000000) (192.000000 -512.000000 208.000000) 
4 134 161 (32.000000 -592.000000 208.000000) (32.000000 -592.000000 176.000000) (192.000000 -592.000000 176.000000) (192.000000 -592.000000 208.000000) 
4 135 193 (940.000000 -592.000000 112.000000) (940.000000 -592.000000 128.000000) (32.000000 -592.000000 128.000000) (32.000000 -592.000000 112.000000) 
4 136 150 (928.000000 -1152.000000 736.000000) (928.000000 -1168.000000 736.000000) (32.000000 -1168.000000 736.000000) (32.000000 -1152.000000 736.000000) 
4 136 139 (940.000000 -1152.000000 736.000000) (940.000000 -1168.000000 736.000000) (928.000000 -1168.000000 736.000000) (928.000000 -1152.000000 736.000000) 
4 136 151 (16.000000 -1168.000000 736.000000) (16.000000 -592.000000 736.000000) (32.000000 -592.000000 736.000000) (32.000000 -1168.000000 736.000000) 
4 137 152 (928.000000 -592.000000 448.000000) (940.000000 -592.000000 448.000000) (940.000000 -1120.000000 448.000000) (928.000000 -1120.000000 448.000000) 
4 137 149 (928.000000 -616.000000 448.000000) (928.000000 -1120.000000 448.000000) (928.000000 -1120.000000 736.000000) (928.000000 -616.000000 736.000000) 
4 137 145 (928.000000 -592.000000 736.000000) (928.000000 -592.000000 448.000000) (928.000000 -616.000000 448.000000) (928.000000 -616.000000 736.000000) 
4 137 143 (928.000000 -1120.000000 448.000000) (940.000000 -1120.000000 448.000000) (940.000000 -1120.000000 568.000000) (928.000000 -1120.000000 568.000000) 
4 137 140 (940.000000 -1120.000000 576.000000) (940.000000 -1120.000000 608.000000) (936.000000 -1120.000000 608.000000) (936.000000 -1120.000000 576.000000) 
4 137 138 (940.000000 -1120.000000 616.000000) (940.000000 -1120.000000 736.000000) (928.000000 -1120.000000 736.000000) (928.000000 -1120.000000 616.000000) 
4 138 149 (928.000000 -1152.000000 736.000000) (928.000000 -1120.000000 736.000000) (928.000000 -1120.000000 616.000000) (928.000000 -1152.000000 616.000000) 
4 139 150 (928.000000 -1168.000000 616.000000) (928.000000 -1168.000000 736.000000) (928.000000 -1152.000000 736.000000) (928.000000 -1152.000000 616.000000) 
4 139 141 (940.000000 -1168.000000 616.000000) (928.000000 -1168.000000 616.000000) (928.000000 -1152.000000 616.000000) (940.000000 -1152.000000 616.000000) 
4 141 150 (928.000000 -1168.000000 576.000000) (928.000000 -1168.000000 616.000000) (928.000000 -1152.000000 616.000000) (928.000000 -1152.000000 576.000000) 
4 141 142 (928.000000 -1168.000000 576.000000) (928.000000 -1152.000000 576.000000) (940.000000 -1152.000000 576.000000) (940.000000 -1168.000000 576.000000) 
4 142 150 (928.000000 -1168.000000 568.000000) (928.000000 -1168.000000 576.000000) (928.000000 -1152.000000 576.000000) (928.000000 -1152.000000 568.000000) 
4 142 144 (940.000000 -1168.000000 568.000000) (928.000000 -1168.000000 568.000000) (928.000000 -1152.000000 568.000000) (940.000000 -1152.000000 568.000000) 
4 143 152 (940.000000 -1120.000000 448.000000) (940.000000 -1136.000000 448.000000) (928.000000 -1136.000000 448.000000) (928.000000 -1120.000000 448.000000) 
4 143 149 (928.000000 -1120.000000 448.000000) (928.000000 -1152.000000 448.000000) (928.000000 -1152.000000 568.000000) (928.000000 -1120.000000 568.000000) 
4 144 150 (928.000000 -1152.000000 448.000000) (928.000000 -1168.000000 448.000000) (928.000000 -1168.000000 568.000000) (928.000000 -1152.000000 568.000000) 
4 145 152 (64.000000 -592.000000 448.000000) (928.000000 -592.000000 448.000000) (928.000000 -616.000000 448.000000) (64.000000 -616.000000 448.000000) 
4 145 149 (64.000000 -616.000000 448.000000) (928.000000 -616.000000 448.000000) (928.000000 -616.000000 736.000000) (64.000000 -616.000000 736.000000) 
4 145 147 (64.000000 -592.000000 608.000000) (64.000000 -592.000000 576.000000) (64.000000 -608.000000 576.000000) (64.000000 -608.000000 608.000000) 
4 145 148 (64.000000 -592.000000 568.000000) (64.000000 -592.000000 448.000000) (64.000000 -616.000000 448.000000) (64.000000 -616.000000 568.000000) 
4 145 146 (64.000000 -592.000000 736.000000) (64.000000 -592.000000 616.000000) (64.000000 -616.000000 616.000000) (64.000000 -616.000000 736.000000) 
4 146 149 (32.000000 -616.000000 736.000000) (32.000000 -616.000000 616.000000) (64.000000 -616.000000 616.000000) (64.000000 -616.000000 736.000000) 
4 148 152 (48.000000 -592.000000 448.000000) (64.000000 -592.000000 448.000000) (64.000000 -616.000000 448.000000) (48.000000 -616.000000 448.000000) 
4 148 149 (32.000000 -616.000000 568.000000) (32.000000 -616.000000 448.000000) (64.000000 -616.000000 448.000000) (64.000000 -616.000000 568.000000) 
4 149 152 (928.000000 -616.000000 448.000000) (928.000000 -1136.000000 448.000000) (48.000000 -1136.000000 448.000000) (48.000000 -616.000000 448.000000) 
4 150 151 (32.000000 -1168.000000 448.000000) (32.000000 -1168.000000 736.000000) (32.000000 -1152.000000 736.000000) (32.000000 -1152.000000 448.000000) 
4 152 170 (48.000000 -704.000000 272.000000) (48.000000 -608.000000 272.000000) (128.000000 -608.000000 272.000000) (128.000000 -704.000000 272.000000) 
4 152 169 (128.000000 -608.000000 272.000000) (160.000000 -608.000000 272.000000) (160.000000 -704.000000 272.000000) (128.000000 -704.000000 272.000000) 
4 152 171 (48.000000 -896.000000 272.000000) (48.000000 -704.000000 272.000000) (160.000000 -704.000000 272.000000) (160.000000 -896.000000 272.000000) 
5 152 163 (832.000000 -914.833347 272.000000) (832.000000 -1136.000000 272.000000) (160.000000 -1136.000000 272.000000) (160.000000 -608.000000 272.000000) (497.272717 -608.000000 272.000000) 
3 152 162 (832.000000 -608.000000 272.000000) (832.000000 -914.833347 272.000000) (497.272717 -608.000000 272.000000) 
4 152 160 (48.000000 -592.000000 272.000000) (464.000000 -592.000000 272.000000) (464.000000 -608.000000 272.000000) (48.000000 -608.000000 272.000000) 
4 152 159 (464.000000 -592.000000 272.000000) (832.000000 -592.000000 272.000000) (832.000000 -608.000000 272.000000) (464.000000 -608.000000 272.000000) 
4 152 156 (940.000000 -1008.000000 272.000000) (940.000000 -1056.000000 272.000000) (832.000000 -1056.000000 272.000000) (832.000000 -1008.000000 272.000000) 
4 152 158 (940.000000 -1056.000000 272.000000) (940.000000 -1136.000000 272.000000) (832.000000 -1136.000000 272.000000) (832.000000 -1056.000000 272.000000) 
4 152 155 (832.000000 -592.000000 272.000000) (940.000000 -592.000000 272.000000) (940.000000 -1008.000000 272.000000) (832.000000 -1008.000000 272.000000) 
4 152 154 (48.000000 -1136.000000 272.000000) (940.000000 -1136.000000 272.000000) (940.000000 -1136.000000 440.000000) (48.000000 -1136.000000 440.000000) 
4 152 153 (48.000000 -592.000000 272.000000) (48.000000 -1136.000000 272.000000) (48.000000 -1136.000000 440.000000) (48.000000 -592.000000 440.000000) 
4 153 170 (32.000000 -704.000000 272.000000) (32.000000 -608.000000 272.000000) (48.000000 -608.000000 272.000000) (48.000000 -704.000000 272.000000) 
4 153 171 (32.000000 -896.000000 272.000000) (32.000000 -704.000000 272.000000) (48.000000 -704.000000 272.000000) (48.000000 -896.000000 272.000000) 
4 153 160 (32.000000 -608.000000 272.000000) (32.000000 -592.000000 272.000000) (48.000000 -592.000000 272.000000) (48.000000 -608.000000 272.000000) 
4 153 154 (32.000000 -1136.000000 440.000000) (32.000000 -1136.000000 272.000000) (48.000000 -1136.000000 272.000000) (48.000000 -1136.000000 440.000000) 
4 154 163 (832.000000 -1152.000000 272.000000) (160.000000 -1152.000000 272.000000) (160.000000 -1136.000000 272.000000) (832.000000 -1136.000000 272.000000) 
4 154 158 (940.000000 -1152.000000 272.000000) (832.000000 -1152.000000 272.000000) (832.000000 -1136.000000 272.000000) (940.000000 -1136.000000 272.000000) 
4 155 189 (832.000000 -914.833347 144.000000) (832.000000 -1008.000000 144.000000) (832.000000 -1008.000000 176.000000) (832.000000 -914.833347 176.000000) 
4 155 188 (832.000000 -1008.000000 176.000000) (832.000000 -1008.000000 208.000000) (832.000000 -914.833347 208.000000) (832.000000 -914.833347 176.000000) 
4 155 166 (832.000000 -1008.000000 208.000000) (832.000000 -1008.000000 248.000000) (832.000000 -914.833347 248.000000) (832.000000 -914.833347 208.000000) 
4 155 163 (832.000000 -1008.000000 248.000000) (832.000000 -1008.000000 272.000000) (832.000000 -914.833347 272.000000) (832.000000 -914.833347 248.000000) 
4 155 162 (832.000000 -608.000000 144.000000) (832.000000 -914.833347 144.000000) (832.000000 -914.833347 272.000000) (832.000000 -608.000000 272.000000) 
4 155 159 (832.000000 -592.000000 272.000000) (832.000000 -592.000000 144.000000) (832.000000 -608.000000 144.000000) (832.000000 -608.000000 272.000000) 
4 155 157 (880.000000 -1008.000000 144.000000) (940.000000 -1008.000000 144.000000) (940.000000 -1008.000000 192.000000) (880.000000 -1008.000000 192.000000) 
4 155 156 (940.000000 -1008.000000 192.000000) (940.000000 -1008.000000 272.000000) (832.000000 -1008.000000 272.000000) (832.000000 -1008.000000 192.000000) 
4 156 188 (832.000000 -1056.000000 192.000000) (832.000000 -1056.000000 208.000000) (832.000000 -1008.000000 208.000000) (832.000000 -1008.000000 192.000000) 
4 156 166 (832.000000 -1056.000000 208.000000) (832.000000 -1056.000000 248.000000) (832.000000 -1008.000000 248.000000) (832.000000 -1008.000000 208.000000) 
4 156 163 (832.000000 -1056.000000 248.000000) (832.000000 -1056.000000 272.000000) (832.000000 -1008.000000 272.000000) (832.000000 -1008.000000 248.000000) 
4 156 157 (880.000000 -1008.000000 192.000000) (940.000000 -1008.000000 192.000000) (940.000000 -1056.000000 192.000000) (880.000000 -1056.000000 192.000000) 
4 156 158 (832.000000 -1056.000000 272.000000) (832.000000 -1056.000000 192.000000) (940.000000 -1056.000000 192.000000) (940.000000 -1056.000000 272.000000) 
4 157 158 (880.000000 -1056.000000 144.000000) (940.000000 -1056.000000 144.000000) (940.000000 -1056.000000 192.000000) (880.000000 -1056.000000 192.000000) 
4 158 189 (832.000000 -1056.000000 144.000000) (832.000000 -1152.000000 144.000000) (832.000000 -1152.000000 176.000000) (832.000000 -1056.000000 176.000000) 
4 158 188 (832.000000 -1152.000000 176.000000) (832.000000 -1152.000000 208.000000) (832.000000 -1056.000000 208.000000) (832.000000 -1056.000000 176.000000) 
4 158 166 (832.000000 -1152.000000 208.000000) (832.000000 -1152.000000 248.000000) (832.000000 -1056.000000 248.000000) (832.000000 -1056.000000 208.000000) 
4 158 163 (832.000000 -1152.000000 248.000000) (832.000000 -1152.000000 272.000000) (832.000000 -1056.000000 272.000000) (832.000000 -1056.000000 248.000000) 
4 159 172 (464.000000 -608.000000 144.000000) (497.272717 -608.000000 144.000000) (497.272717 -608.000000 208.000000) (464.000000 -608.000000 208.000000) 
4 159 167 (480.000000 -608.000000 248.000000) (464.000000 -608.000000 248.000000) (464.000000 -608.000000 208.000000) (480.000000 -608.000000 208.000000) 
4 159 164 (497.272717 -608.000000 208.000000) (497.272717 -608.000000 248.000000) (480.000000 -608.000000 248.000000) (480.000000 -608.000000 208.000000) 
4 159 163 (497.272717 -608.000000 248.000000) (497.272717 -608.000000 272.000000) (464.000000 -608.000000 272.000000) (464.000000 -608.000000 248.000000) 
4 159 162 (497.272717 -608.000000 144.000000) (832.000000 -608.000000 144.000000) (832.000000 -608.000000 272.000000) (497.272717 -608.000000 272.000000) 
4 159 161 (464.000000 -592.000000 208.000000) (464.000000 -592.000000 176.000000) (464.000000 -608.000000 176.000000) (464.000000 -608.000000 208.000000) 
4 159 160 (464.000000 -592.000000 272.000000) (464.000000 -592.000000 248.000000) (464.000000 -608.000000 248.000000) (464.000000 -608.000000 272.000000) 
4 160 170 (128.000000 -608.000000 272.000000) (32.000000 -608.000000 272.000000) (32.000000 -608.000000 248.000000) (128.000000 -608.000000 248.000000) 
4 160 169 (160.000000 -608.000000 272.000000) (128.000000 -608.000000 272.000000) (128.000000 -608.000000 248.000000) (160.000000 -608.000000 248.000000) 
4 160 163 (464.000000 -608.000000 248.000000) (464.000000 -608.000000 272.000000) (160.000000 -608.000000 272.000000) (160.000000 -608.000000 248.000000) 
4 161 172 (464.000000 -608.000000 176.000000) (464.000000 -608.000000 208.000000) (192.000000 -608.000000 208.000000) (192.000000 -608.000000 176.000000) 
4 162 189 (662.000031 -759.000036 144.000000) (832.000000 -914.833343 144.000000) (832.000000 -914.833343 176.000000) (662.000031 -759.000036 176.000000) 
4 162 188 (832.000000 -914.833343 176.000000) (832.000000 -914.833343 208.000000) (650.000002 -748.000009 208.000000) (650.000002 -748.000009 176.000000) 
4 162 173 (567.090902 -672.000000 144.000000) (650.000002 -748.000009 144.000000) (650.000002 -748.000009 208.000000) (567.090902 -672.000000 208.000000) 
4 162 172 (497.272721 -608.000000 208.000000) (497.272721 -608.000000 144.000000) (567.090902 -672.000000 144.000000) (567.090902 -672.000000 208.000000) 
4 162 166 (661.999999 -759.000006 208.000000) (832.000000 -914.833343 208.000000) (832.000000 -914.833343 248.000000) (661.999999 -759.000006 248.000000) 
4 162 165 (566.986016 -671.903854 208.000000) (649.999636 -747.999674 208.000000) (649.999636 -747.999674 248.000000) (566.986016 -671.903854 248.000000) 
4 162 164 (497.272721 -608.000000 248.000000) (497.272721 -608.000000 208.000000) (566.986016 -671.903854 208.000000) (566.986016 -671.903854 248.000000) 
4 162 163 (497.272721 -608.000000 272.000000) (497.272721 -608.000000 248.000000) (832.000000 -914.833343 248.000000) (832.000000 -914.833343 272.000000) 
4 163 169 (160.000000 -608.000000 272.000000) (160.000000 -608.000000 248.000000) (160.000000 -704.000000 248.000000) (160.000000 -704.000000 272.000000) 
4 163 171 (160.000000 -704.000000 248.000000) (160.000000 -896.000000 248.000000) (160.000000 -896.000000 272.000000) (160.000000 -704.000000 272.000000) 
5 163 167 (160.000000 -608.000000 248.000000) (480.000000 -608.000000 248.000000) (480.000000 -768.608984 248.000000) (387.000045 -872.000000 248.000000) (160.000000 -872.000000 248.000000) 
5 163 166 (661.999997 -759.000008 248.000000) (832.000000 -914.833347 248.000000) (832.000000 -1152.000000 248.000000) (480.000000 -1152.000000 248.000000) (480.000000 -960.000017 248.000000) 
4 163 165 (566.986014 -671.903857 248.000000) (649.999501 -747.999554 248.000000) (577.999361 -683.999429 248.000000) (566.000012 -673.000026 248.000000) 
4 163 164 (480.000000 -608.000000 248.000000) (497.272717 -608.000000 248.000000) (566.986014 -671.903857 248.000000) (480.000000 -768.608984 248.000000) 
3 164 181 (566.000012 -673.000026 208.000000) (480.000000 -768.608984 208.000000) (480.000000 -768.450614 208.000000) 
4 164 174 (566.000012 -673.000026 208.000000) (480.000000 -768.450614 208.000000) (480.000000 -672.000000 208.000000) (564.909075 -672.000000 208.000000) 
3 164 173 (566.899533 -672.000000 208.000000) (566.000012 -673.000026 208.000000) (564.909075 -672.000000 208.000000) 
5 164 172 (480.000000 -608.000000 208.000000) (497.272717 -608.000000 208.000000) (566.986014 -671.903857 208.000000) (566.899533 -672.000000 208.000000) (480.000000 -672.000000 208.000000) 
4 164 167 (480.000000 -608.000000 248.000000) (480.000000 -608.000000 208.000000) (480.000000 -768.608984 208.000000) (480.000000 -768.608984 248.000000) 
4 164 165 (566.000013 -673.000027 208.000000) (566.986015 -671.903857 208.000000) (566.986015 -671.903857 248.000000) (566.000013 -673.000027 248.000000) 
5 165 173 (567.090898 -672.000000 208.000000) (649.999501 -747.999554 208.000000) (577.999361 -683.999429 208.000000) (566.000012 -673.000026 208.000000) (566.899533 -672.000000 208.000000) 
3 165 172 (566.986014 -671.903857 208.000000) (567.090898 -672.000000 208.000000) (566.899533 -672.000000 208.000000) 
5 166 188 (661.999997 -759.000008 208.000000) (832.000000 -914.833347 208.000000) (832.000000 -1152.000000 208.000000) (480.000000 -1152.000000 208.000000) (480.000000 -960.000017 208.000000) 
4 167 181 (480.000000 -768.450614 208.000000) (480.000000 -768.608984 208.000000) (387.000045 -872.000000 208.000000) (386.703029 -872.000000 208.000000) 
4 167 178 (408.326791 -848.000000 208.000000) (386.703029 -872.000000 208.000000) (160.000000 -872.000000 208.000000) (160.000000 -848.000000 208.000000) 
4 167 175 (160.000000 -720.000000 208.000000) (160.000000 -672.000000 208.000000) (176.000000 -672.000000 208.000000) (176.000000 -720.000000 208.000000) 
4 167 177 (176.000000 -848.000000 208.000000) (160.000000 -848.000000 208.000000) (160.000000 -720.000000 208.000000) (176.000000 -720.000000 208.000000) 
5 167 174 (480.000000 -672.000000 208.000000) (480.000000 -768.450614 208.000000) (408.326791 -848.000000 208.000000) (176.000000 -848.000000 208.000000) (176.000000 -672.000000 208.000000) 
4 167 172 (192.000000 -608.000000 208.000000) (480.000000 -608.000000 208.000000) (480.000000 -672.000000 208.000000) (192.000000 -672.000000 208.000000) 
4 167 169 (160.000000 -608.000000 248.000000) (160.000000 -608.000000 208.000000) (160.000000 -704.000000 208.000000) (160.000000 -704.000000 248.000000) 
4 167 171 (160.000000 -704.000000 208.000000) (160.000000 -872.000000 208.000000) (160.000000 -872.000000 248.000000) (160.000000 -704.000000 248.000000) 
3 168 190 (440.000000 -1152.000000 208.000000) (286.000012 -1152.000000 208.000000) (440.000000 -981.076936 208.000000) 
4 168 187 (286.000012 -1152.000000 208.000000) (263.999998 -1152.000000 208.000000) (440.000000 -975.999998 208.000000) (440.000000 -981.076936 208.000000) 
5 168 184 (263.999998 -1152.000000 208.000000) (160.000000 -1152.000000 208.000000) (160.000000 -912.000000 208.000000) (440.000000 -912.000000 208.000000) (440.000000 -975.999998 208.000000) 
4 169 175 (160.000000 -672.000000 208.000000) (160.000000 -704.000000 208.000000) (128.000000 -704.000000 208.000000) (128.000000 -672.000000 208.000000) 
4 169 170 (128.000000 -704.000000 240.000000) (128.000000 -704.000000 272.000000) (128.000000 -608.000000 272.000000) (128.000000 -608.000000 240.000000) 
4 169 171 (128.000000 -704.000000 208.000000) (160.000000 -704.000000 208.000000) (160.000000 -704.000000 272.000000) (128.000000 -704.000000 272.000000) 
4 170 171 (32.000000 -704.000000 272.000000) (32.000000 -704.000000 240.000000) (128.000000 -704.000000 240.000000) (128.000000 -704.000000 272.000000) 
4 171 192 (32.000000 -896.000000 208.000000) (32.000000 -832.000000 208.000000) (48.000000 -832.000000 208.000000) (48.000000 -896.000000 208.000000) 
4 171 191 (32.000000 -832.000000 208.000000) (32.000000 -704.000000 208.000000) (112.000000 -704.000000 208.000000) (112.000000 -832.000000 208.000000) 
4 171 180 (160.000000 -848.000000 208.000000) (160.000000 -896.000000 208.000000) (112.000000 -896.000000 208.000000) (112.000000 -848.000000 208.000000) 
4 171 176 (112.000000 -704.000000 208.000000) (128.000000 -704.000000 208.000000) (128.000000 -720.000000 208.000000) (112.000000 -720.000000 208.000000) 
4 171 175 (128.000000 -704.000000 208.000000) (160.000000 -704.000000 208.000000) (160.000000 -720.000000 208.000000) (128.000000 -720.000000 208.000000) 
4 171 177 (160.000000 -720.000000 208.000000) (160.000000 -848.000000 208.000000) (112.000000 -848.000000 208.000000) (112.000000 -720.000000 208.000000) 
4 172 174 (564.909075 -672.000000 208.000000) (192.000000 -672.000000 208.000000) (192.000000 -672.000000 144.000000) (564.909075 -672.000000 144.000000) 
4 172 173 (567.090898 -672.000000 144.000000) (567.090898 -672.000000 208.000000) (564.909075 -672.000000 208.000000) (564.909075 -672.000000 144.000000) 
4 173 188 (649.999969 -747.999983 176.000000) (649.999969 -747.999983 208.000000) (649.013071 -749.095331 208.000000) (649.013071 -749.095331 176.000000) 
4 173 183 (578.000010 -684.000020 144.000000) (649.013104 -749.095358 144.000000) (649.013104 -749.095358 176.000000) (578.000010 -684.000020 176.000000) 
4 173 181 (649.013104 -749.095358 176.000000) (649.013104 -749.095358 208.000000) (566.000026 -673.000035 208.000000) (566.000026 -673.000035 176.000000) 
4 173 174 (564.909079 -672.000000 144.000000) (566.000026 -673.000035 144.000000) (566.000026 -673.000035 208.000000) (564.909079 -672.000000 208.000000) 
4 174 181 (565.999997 -673.000012 176.000000) (565.999997 -673.000012 208.000000) (408.326741 -848.000000 208.000000) (408.326741 -848.000000 176.000000) 
4 174 179 (176.000000 -848.000000 144.000000) (408.326791 -848.000000 144.000000) (408.326791 -848.000000 176.000000) (176.000000 -848.000000 176.000000) 
4 174 178 (408.326791 -848.000000 176.000000) (408.326791 -848.000000 208.000000) (176.000000 -848.000000 208.000000) (176.000000 -848.000000 176.000000) 
4 174 175 (176.000000 -720.000000 192.000000) (176.000000 -720.000000 208.000000) (176.000000 -672.000000 208.000000) (176.000000 -672.000000 192.000000) 
4 174 177 (176.000000 -720.000000 144.000000) (176.000000 -848.000000 144.000000) (176.000000 -848.000000 208.000000) (176.000000 -720.000000 208.000000) 
4 175 176 (128.000000 -720.000000 192.000000) (128.000000 -720.000000 208.000000) (128.000000 -704.000000 208.000000) (128.000000 -704.000000 192.000000) 
4 175 177 (176.000000 -720.000000 192.000000) (176.000000 -720.000000 208.000000) (128.000000 -720.000000 208.000000) (128.000000 -720.000000 192.000000) 
4 176 191 (112.000000 -704.000000 144.000000) (112.000000 -720.000000 144.000000) (112.000000 -720.000000 208.000000) (112.000000 -704.000000 208.000000) 
4 176 177 (112.000000 -720.000000 208.000000) (112.000000 -720.000000 144.000000) (128.000000 -720.000000 144.000000) (128.000000 -720.000000 208.000000) 
4 177 191 (112.000000 -720.000000 144.000000) (112.000000 -832.000000 144.000000) (112.000000 -832.000000 208.000000) (112.000000 -720.000000 208.000000) 
4 177 180 (112.000000 -848.000000 208.000000) (112.000000 -848.000000 192.000000) (160.000000 -848.000000 192.000000) (160.000000 -848.000000 208.000000) 
4 177 179 (160.000000 -848.000000 144.000000) (176.000000 -848.000000 144.000000) (176.000000 -848.000000 176.000000) (160.000000 -848.000000 176.000000) 
4 177 178 (176.000000 -848.000000 176.000000) (176.000000 -848.000000 208.000000) (160.000000 -848.000000 208.000000) (160.000000 -848.000000 176.000000) 
4 178 184 (350.663425 -912.000000 176.000000) (350.663425 -912.000000 208.000000) (160.000000 -912.000000 208.000000) (160.000000 -912.000000 176.000000) 
4 178 181 (408.326741 -848.000000 176.000000) (408.326741 -848.000000 208.000000) (350.663375 -912.000000 208.000000) (350.663375 -912.000000 176.000000) 
4 178 180 (160.000000 -848.000000 208.000000) (160.000000 -848.000000 192.000000) (160.000000 -896.000000 192.000000) (160.000000 -896.000000 208.000000) 
4 178 179 (408.326791 -848.000000 176.000000) (386.703029 -872.000000 176.000000) (160.000000 -872.000000 176.000000) (160.000000 -848.000000 176.000000) 
4 181 188 (649.013071 -749.095331 208.000000) (502.237578 -912.000000 208.000000) (502.237578 -912.000000 176.000000) (649.013071 -749.095331 176.000000) 
4 181 184 (502.237635 -912.000000 176.000000) (502.237635 -912.000000 208.000000) (350.663425 -912.000000 208.000000) (350.663425 -912.000000 176.000000) 
5 181 183 (649.013102 -749.095360 176.000000) (502.237635 -912.000000 176.000000) (424.363618 -912.000000 176.000000) (396.000008 -886.000024 176.000000) (578.000008 -684.000023 176.000000) 
3 181 182 (424.363618 -912.000000 176.000000) (375.999967 -912.000000 176.000000) (395.703677 -885.728387 176.000000) 
4 182 184 (375.999967 -912.000000 144.000000) (424.363618 -912.000000 144.000000) (424.363618 -912.000000 176.000000) (375.999967 -912.000000 176.000000) 
4 182 183 (424.363632 -912.000000 176.000000) (424.363632 -912.000000 144.000000) (396.000014 -886.000017 144.000000) (396.000014 -886.000017 176.000000) 
4 183 184 (424.363618 -912.000000 144.000000) (502.237635 -912.000000 144.000000) (502.237635 -912.000000 176.000000) (424.363618 -912.000000 176.000000) 
4 184 188 (502.237578 -912.000000 208.000000) (486.199552 -929.800446 208.000000) (486.199552 -929.800446 176.000000) (502.237578 -912.000000 176.000000) 
4 184 186 (471.999950 -944.000000 144.000000) (486.200572 -929.799378 144.000000) (486.200572 -929.799378 176.000000) (471.999950 -944.000000 176.000000) 
4 184 185 (486.200572 -929.799378 176.000000) (486.200572 -929.799378 208.000000) (440.000000 -975.999950 208.000000) (440.000000 -975.999950 176.000000) 
4 184 187 (263.999950 -1152.000000 208.000000) (263.999950 -1152.000000 144.000000) (440.000000 -975.999950 144.000000) (440.000000 -975.999950 208.000000) 
4 185 188 (486.199552 -929.800446 208.000000) (440.000000 -981.076872 208.000000) (440.000000 -981.076872 176.000000) (486.199552 -929.800446 176.000000) 
3 185 186 (486.200131 -929.799867 176.000000) (473.405952 -944.000000 176.000000) (471.999998 -944.000000 176.000000) 
4 185 187 (440.000000 -975.999998 208.000000) (440.000000 -975.999998 176.000000) (440.000000 -981.076936 176.000000) (440.000000 -981.076936 208.000000) 
4 187 190 (440.000000 -981.076872 208.000000) (285.999955 -1152.000000 208.000000) (285.999955 -1152.000000 144.000000) (440.000000 -981.076872 144.000000) 
5 188 189 (662.000029 -759.000038 176.000000) (832.000000 -914.833347 176.000000) (832.000000 -1152.000000 176.000000) (480.000000 -1152.000000 176.000000) (480.000000 -961.000071 176.000000) 
4 188 190 (440.000000 -981.076936 208.000000) (440.000000 -981.076936 176.000000) (440.000000 -1152.000000 176.000000) (440.000000 -1152.000000 208.000000) 
4 191 192 (32.000000 -832.000000 208.000000) (32.000000 -832.000000 144.000000) (48.000000 -832.000000 144.000000) (48.000000 -832.000000 208.000000) 
