hlcsg v3.4 Final (Feb 25 2006)
Zoner's Half-Life Compilation Tools -- Custom Build
Based on code modifications by Sean 'Zoner' Cavanaugh
Based on Valve's version, modified with permission.
Submit detailed bug reports to (amckern@yahoo.com)
-----  BEGIN  hlcsg -----
Command line: E:\Me\Tools\VALVEH~1.5\hlcsg.exe "E:\Me\Tools\Valve Hammer Editor 3.5\maps\compile\zs_nightmare2"
Entering E:\Me\Tools\Valve Hammer Editor 3.5\maps\compile\zs_nightmare2.map

Current hlcsg Settings
Name                 |  Setting  |  Default
---------------------|-----------|-------------------------
threads               [       2 ] [  Varies ]
verbose               [     off ] [     off ]
log                   [      on ] [      on ]
developer             [       0 ] [       0 ]
chart                 [     off ] [     off ]
estimate              [     off ] [     off ]
max texture memory    [ 4194304 ] [ 4194304 ]
max lighting memory   [ 6291456 ] [ 6291456 ]
priority              [  Normal ] [  Normal ]

noclip                [     off ] [     off ]
null texture stripping[      on ] [      on ]
clipnode economy mode [      on ] [      on ]
clip hull type        [  legacy ] [  legacy ]
onlyents              [     off ] [     off ]
wadtextures           [      on ] [      on ]
skyclip               [      on ] [      on ]
hullfile              [    None ] [    None ]
nullfile              [    None ] [    None ]
min surface area      [   0.500 ] [   0.500 ]
brush union threshold [   0.000 ] [   0.000 ]

Using mapfile wad configuration
Wadinclude list :
[zhlt.wad]

221 brushes (totalling 1385 sides) discarded from clipping hulls
CreateBrush:
Error: Entity 0, Brush 90, Side 3: plane with no normal
Error: plane with no normal
Description: The map has a problem which must be fixed
Howto Fix: Check the file http://www.zhlt.info/common-mapping-problems.html for a detailed explanation of this problem

Error: Entity 0, Brush 90: outside world(+/-4096): (-10000,-3260,195)-(10000,736,9526)
Error: Entity 0, Brush 90: outside world(+/-4096): (-10000,-3260,195)-(10000,736,9526)
Error: Entity 0, Brush 90: outside world(+/-4096): (-10016,-3276,159)-(10016,752,9562)
Error: Entity 0, Brush 90: outside world(+/-4096): (-10016,-3276,159)-(10016,752,9562)
Error: Entity 0, Brush 93, Side 6: has a coplanar plane at (210, 768, 232), texture SILO2_WET6
Error: Entity 0, Brush 90: outside world(+/-4096): (-10032,-3292,163)-(10032,768,9558)
Error: Entity 0, Brush 90: outside world(+/-4096): (-10032,-3292,163)-(10032,768,9558)
Error: Entity 0, Brush 90: outside world(+/-4096): (-10016,-3276,177)-(10016,752,9544)
Error: Entity 0, Brush 90: outside world(+/-4096): (-10016,-3276,177)-(10016,752,9544)
Error: Entity 0, Brush 108, Side 10: has a coplanar plane at (983, 215, 263), texture SILO2_WET6
Error: Entity 0, Brush 137, Side 2: plane with no normal
Error: Entity 0, Brush 137, Side 10: has a coplanar plane at (-165, 795, 221), texture SILO2_WET6
Error: Entity 0, Brush 137: outside world(+/-4096): (-9224,-10000,-7032)-(7110,10000,3867)
Error: Entity 0, Brush 137: outside world(+/-4096): (-9224,-10000,-7032)-(7110,10000,3867)
Error: Entity 0, Brush 137: outside world(+/-4096): (-9224,-10000,-7032)-(7110,10000,3867)
Error: Entity 0, Brush 137: outside world(+/-4096): (-9240,-10016,-7068)-(7126,10016,3903)
Error: Entity 0, Brush 137: outside world(+/-4096): (-9240,-10016,-7068)-(7126,10016,3903)
Error: Entity 0, Brush 137: outside world(+/-4096): (-9240,-10016,-7068)-(7126,10016,3903)
Error: Entity 0, Brush 137: outside world(+/-4096): (-9256,-10032,-7064)-(7142,10032,3899)
Error: Entity 0, Brush 137: outside world(+/-4096): (-9256,-10032,-7064)-(7142,10032,3899)
Error: Entity 0, Brush 137: outside world(+/-4096): (-9256,-10032,-7064)-(7142,10032,3899)
Error: Entity 0, Brush 137: outside world(+/-4096): (-9240,-10016,-7050)-(7126,10016,3885)
Error: Entity 0, Brush 137: outside world(+/-4096): (-9240,-10016,-7050)-(7126,10016,3885)
Error: Entity 0, Brush 137: outside world(+/-4096): (-9240,-10016,-7050)-(7126,10016,3885)
Error: Entity 0, Brush 286, Side 3: has a coplanar plane at (1392, -1248, 481), texture SILO2_WET6
Error: Entity 0, Brush 398, Side 4: has a coplanar plane at (-784, -784, 208), texture SILO2_WET6
 (1.21 seconds)

-----   END   hlcsg -----



hlbsp v3.4 Final (Feb 25 2006)
Zoner's Half-Life Compilation Tools -- Custom Build
Based on code modifications by Sean 'Zoner' Cavanaugh
Based on Valve's version, modified with permission.
Submit detailed bug reports to (amckern@yahoo.com)
-----  BEGIN  hlbsp -----
Command line: E:\Me\Tools\VALVEH~1.5\hlbsp.exe "E:\Me\Tools\Valve Hammer Editor 3.5\maps\compile\zs_nightmare2"
>> There was a problem compiling the map.
>> Check the file E:\Me\Tools\Valve Hammer Editor 3.5\maps\compile\zs_nightmare2.log for the cause.

-----   END   hlbsp -----



hlvis v3.4 Final (Feb 25 2006)
Zoner's Half-Life Compilation Tools -- Custom Build
Based on code modifications by Sean 'Zoner' Cavanaugh
Based on Valve's version, modified with permission.
Submit detailed bug reports to (amckern@yahoo.com)
-----  BEGIN  hlvis -----
Command line: E:\Me\Tools\VALVEH~1.5\hlvis.exe "E:\Me\Tools\Valve Hammer Editor 3.5\maps\compile\zs_nightmare2"
>> There was a problem compiling the map.
>> Check the file E:\Me\Tools\Valve Hammer Editor 3.5\maps\compile\zs_nightmare2.log for the cause.

-----   END   hlvis -----



hlrad v3.4 Final (Feb 25 2006)
Zoner's Half-Life Compilation Tools -- Custom Build
Based on code modifications by Sean 'Zoner' Cavanaugh
Based on Valve's version, modified with permission.
Submit detailed bug reports to (amckern@yahoo.com)
-----  BEGIN  hlrad -----
Command line: E:\Me\Tools\VALVEH~1.5\hlrad.exe "E:\Me\Tools\Valve Hammer Editor 3.5\maps\compile\zs_nightmare2"
>> There was a problem compiling the map.
>> Check the file E:\Me\Tools\Valve Hammer Editor 3.5\maps\compile\zs_nightmare2.log for the cause.

-----   END   hlrad -----



